{"/home/travis/build/npmtest/node-npmtest-geojsonhint/test.js":{"path":"/home/travis/build/npmtest/node-npmtest-geojsonhint/test.js","s":{"1":2,"2":2,"3":2,"4":2,"5":2,"6":2,"7":2,"8":1,"9":2,"10":2,"11":1,"12":1,"13":1,"14":1,"15":2,"16":2,"17":2,"18":2,"19":1,"20":1,"21":2,"22":2,"23":2,"24":1,"25":1,"26":1,"27":1,"28":1,"29":1,"30":1,"31":1,"32":1,"33":1,"34":1,"35":1,"36":1,"37":1,"38":1,"39":2,"40":2,"41":1,"42":2,"43":2,"44":1,"45":2,"46":2,"47":1,"48":2,"49":2,"50":1,"51":1,"52":1,"53":1,"54":1},"b":{"1":[2,1,1,1],"2":[1,1,1,1],"3":[1,1],"4":[1,1],"5":[1,1],"6":[1,1],"7":[1,1],"8":[1,1],"9":[1,1],"10":[1,1,1],"11":[1,1],"12":[1,1],"13":[1,1],"14":[1,1],"15":[1,1],"16":[1,1],"17":[1,1]},"f":{"1":2,"2":2,"3":2,"4":2,"5":2,"6":1,"7":1,"8":1,"9":2,"10":2,"11":2,"12":2,"13":1},"fnMap":{"1":{"name":"(anonymous_1)","line":12,"loc":{"start":{"line":12,"column":1},"end":{"line":12,"column":13}}},"2":{"name":"(anonymous_2)","line":19,"loc":{"start":{"line":19,"column":5},"end":{"line":19,"column":17}}},"3":{"name":"(anonymous_3)","line":23,"loc":{"start":{"line":23,"column":24},"end":{"line":23,"column":36}}},"4":{"name":"(anonymous_4)","line":61,"loc":{"start":{"line":61,"column":5},"end":{"line":61,"column":17}}},"5":{"name":"(anonymous_5)","line":82,"loc":{"start":{"line":82,"column":5},"end":{"line":82,"column":17}}},"6":{"name":"(anonymous_6)","line":91,"loc":{"start":{"line":91,"column":77},"end":{"line":94,"column":10}}},"7":{"name":"(anonymous_7)","line":112,"loc":{"start":{"line":112,"column":83},"end":{"line":115,"column":10}},"skip":true},"8":{"name":"(anonymous_8)","line":123,"loc":{"start":{"line":123,"column":77},"end":{"line":126,"column":10}},"skip":true},"9":{"name":"(anonymous_9)","line":139,"loc":{"start":{"line":139,"column":12},"end":{"line":139,"column":40}},"skip":true},"10":{"name":"(anonymous_10)","line":147,"loc":{"start":{"line":147,"column":77},"end":{"line":150,"column":10}},"skip":true},"11":{"name":"(anonymous_11)","line":158,"loc":{"start":{"line":158,"column":83},"end":{"line":161,"column":10}},"skip":true},"12":{"name":"(anonymous_12)","line":169,"loc":{"start":{"line":169,"column":79},"end":{"line":172,"column":10}},"skip":true},"13":{"name":"(anonymous_13)","line":180,"loc":{"start":{"line":180,"column":75},"end":{"line":183,"column":10}},"skip":true}},"statementMap":{"1":{"start":{"line":12,"column":0},"end":{"line":195,"column":5}},"2":{"start":{"line":14,"column":4},"end":{"line":14,"column":14}},"3":{"start":{"line":19,"column":4},"end":{"line":56,"column":9}},"4":{"start":{"line":21,"column":8},"end":{"line":21,"column":19}},"5":{"start":{"line":23,"column":8},"end":{"line":35,"column":13}},"6":{"start":{"line":24,"column":12},"end":{"line":34,"column":13}},"7":{"start":{"line":25,"column":16},"end":{"line":28,"column":30}},"8":{"start":{"line":30,"column":16},"end":{"line":33,"column":27}},"9":{"start":{"line":37,"column":8},"end":{"line":39,"column":21}},"10":{"start":{"line":40,"column":8},"end":{"line":53,"column":9}},"11":{"start":{"line":43,"column":12},"end":{"line":46,"column":14}},"12":{"start":{"line":47,"column":12},"end":{"line":47,"column":18}},"13":{"start":{"line":50,"column":12},"end":{"line":51,"column":33}},"14":{"start":{"line":52,"column":12},"end":{"line":52,"column":18}},"15":{"start":{"line":55,"column":8},"end":{"line":55,"column":35}},"16":{"start":{"line":61,"column":4},"end":{"line":63,"column":9}},"17":{"start":{"line":62,"column":8},"end":{"line":62,"column":15}},"18":{"start":{"line":64,"column":4},"end":{"line":77,"column":5}},"19":{"start":{"line":70,"column":8},"end":{"line":70,"column":14}},"20":{"start":{"line":76,"column":8},"end":{"line":76,"column":14}},"21":{"start":{"line":82,"column":4},"end":{"line":84,"column":9}},"22":{"start":{"line":83,"column":8},"end":{"line":83,"column":15}},"23":{"start":{"line":85,"column":4},"end":{"line":194,"column":5}},"24":{"start":{"line":91,"column":8},"end":{"line":99,"column":10}},"25":{"start":{"line":98,"column":12},"end":{"line":98,"column":35}},"26":{"start":{"line":102,"column":8},"end":{"line":104,"column":63}},"27":{"start":{"line":105,"column":8},"end":{"line":105,"column":14}},"28":{"start":{"line":112,"column":8},"end":{"line":121,"column":10},"skip":true},"29":{"start":{"line":119,"column":12},"end":{"line":119,"column":55},"skip":true},"30":{"start":{"line":120,"column":12},"end":{"line":120,"column":48},"skip":true},"31":{"start":{"line":123,"column":8},"end":{"line":136,"column":10},"skip":true},"32":{"start":{"line":130,"column":12},"end":{"line":130,"column":76},"skip":true},"33":{"start":{"line":131,"column":12},"end":{"line":131,"column":73},"skip":true},"34":{"start":{"line":132,"column":12},"end":{"line":132,"column":74},"skip":true},"35":{"start":{"line":133,"column":12},"end":{"line":133,"column":79},"skip":true},"36":{"start":{"line":134,"column":12},"end":{"line":134,"column":25},"skip":true},"37":{"start":{"line":135,"column":12},"end":{"line":135,"column":45},"skip":true},"38":{"start":{"line":138,"column":8},"end":{"line":145,"column":14},"skip":true},"39":{"start":{"line":143,"column":16},"end":{"line":143,"column":29},"skip":true},"40":{"start":{"line":144,"column":16},"end":{"line":144,"column":55},"skip":true},"41":{"start":{"line":147,"column":8},"end":{"line":156,"column":10},"skip":true},"42":{"start":{"line":154,"column":12},"end":{"line":154,"column":25},"skip":true},"43":{"start":{"line":155,"column":12},"end":{"line":155,"column":45},"skip":true},"44":{"start":{"line":158,"column":8},"end":{"line":167,"column":10},"skip":true},"45":{"start":{"line":165,"column":12},"end":{"line":165,"column":25},"skip":true},"46":{"start":{"line":166,"column":12},"end":{"line":166,"column":48},"skip":true},"47":{"start":{"line":169,"column":8},"end":{"line":178,"column":10},"skip":true},"48":{"start":{"line":176,"column":12},"end":{"line":176,"column":25},"skip":true},"49":{"start":{"line":177,"column":12},"end":{"line":177,"column":46},"skip":true},"50":{"start":{"line":180,"column":8},"end":{"line":189,"column":10},"skip":true},"51":{"start":{"line":187,"column":12},"end":{"line":187,"column":94},"skip":true},"52":{"start":{"line":188,"column":12},"end":{"line":188,"column":48},"skip":true},"53":{"start":{"line":192,"column":8},"end":{"line":192,"column":35},"skip":true},"54":{"start":{"line":193,"column":8},"end":{"line":193,"column":14},"skip":true}},"branchMap":{"1":{"line":25,"type":"binary-expr","locations":[{"start":{"line":25,"column":23},"end":{"line":25,"column":62}},{"start":{"line":26,"column":20},"end":{"line":26,"column":70}},{"start":{"line":27,"column":20},"end":{"line":27,"column":71}},{"start":{"line":28,"column":20},"end":{"line":28,"column":29}}]},"2":{"line":30,"type":"binary-expr","locations":[{"start":{"line":30,"column":23},"end":{"line":30,"column":37}},{"start":{"line":31,"column":20},"end":{"line":31,"column":61}},{"start":{"line":32,"column":20},"end":{"line":32,"column":70}},{"start":{"line":33,"column":20},"end":{"line":33,"column":26}}]},"3":{"line":37,"type":"cond-expr","locations":[{"start":{"line":38,"column":14},"end":{"line":38,"column":20}},{"start":{"line":39,"column":14},"end":{"line":39,"column":20}}]},"4":{"line":40,"type":"switch","locations":[{"start":{"line":42,"column":8},"end":{"line":47,"column":18}},{"start":{"line":49,"column":8},"end":{"line":52,"column":18}}]},"5":{"line":44,"type":"binary-expr","locations":[{"start":{"line":44,"column":16},"end":{"line":44,"column":44}},{"start":{"line":44,"column":48},"end":{"line":44,"column":66}}]},"6":{"line":50,"type":"binary-expr","locations":[{"start":{"line":50,"column":21},"end":{"line":50,"column":49}},{"start":{"line":50,"column":53},"end":{"line":50,"column":72}}]},"7":{"line":64,"type":"switch","locations":[{"start":{"line":69,"column":4},"end":{"line":70,"column":14}},{"start":{"line":75,"column":4},"end":{"line":76,"column":14}}]},"8":{"line":85,"type":"switch","locations":[{"start":{"line":90,"column":4},"end":{"line":105,"column":14}},{"start":{"line":111,"column":4},"end":{"line":193,"column":14},"skip":true}]},"9":{"line":91,"type":"binary-expr","locations":[{"start":{"line":91,"column":42},"end":{"line":91,"column":73}},{"start":{"line":91,"column":77},"end":{"line":99,"column":9}}]},"10":{"line":102,"type":"binary-expr","locations":[{"start":{"line":102,"column":18},"end":{"line":102,"column":32}},{"start":{"line":103,"column":12},"end":{"line":103,"column":53}},{"start":{"line":104,"column":12},"end":{"line":104,"column":61}}]},"11":{"line":112,"type":"binary-expr","locations":[{"start":{"line":112,"column":45},"end":{"line":112,"column":79},"skip":true},{"start":{"line":112,"column":83},"end":{"line":121,"column":9},"skip":true}]},"12":{"line":123,"type":"binary-expr","locations":[{"start":{"line":123,"column":42},"end":{"line":123,"column":73},"skip":true},{"start":{"line":123,"column":77},"end":{"line":136,"column":9},"skip":true}]},"13":{"line":138,"type":"binary-expr","locations":[{"start":{"line":138,"column":48},"end":{"line":138,"column":85},"skip":true},{"start":{"line":139,"column":12},"end":{"line":145,"column":13},"skip":true}]},"14":{"line":147,"type":"binary-expr","locations":[{"start":{"line":147,"column":42},"end":{"line":147,"column":73},"skip":true},{"start":{"line":147,"column":77},"end":{"line":156,"column":9},"skip":true}]},"15":{"line":158,"type":"binary-expr","locations":[{"start":{"line":158,"column":45},"end":{"line":158,"column":79},"skip":true},{"start":{"line":158,"column":83},"end":{"line":167,"column":9},"skip":true}]},"16":{"line":169,"type":"binary-expr","locations":[{"start":{"line":169,"column":43},"end":{"line":169,"column":75},"skip":true},{"start":{"line":169,"column":79},"end":{"line":178,"column":9},"skip":true}]},"17":{"line":180,"type":"binary-expr","locations":[{"start":{"line":180,"column":41},"end":{"line":180,"column":71},"skip":true},{"start":{"line":180,"column":75},"end":{"line":189,"column":9},"skip":true}]}},"code":["/* istanbul instrument in package npmtest_geojsonhint */","/*jslint","    bitwise: true,","    browser: true,","    maxerr: 8,","    maxlen: 96,","    node: true,","    nomen: true,","    regexp: true,","    stupid: true","*/","(function () {","    'use strict';","    var local;","","","","    // run shared js-env code - pre-init","    (function () {","        // init local","        local = {};","        // init modeJs","        local.modeJs = (function () {","            try {","                return typeof navigator.userAgent === 'string' &&","                    typeof document.querySelector('body') === 'object' &&","                    typeof XMLHttpRequest.prototype.open === 'function' &&","                    'browser';","            } catch (errorCaughtBrowser) {","                return module.exports &&","                    typeof process.versions.node === 'string' &&","                    typeof require('http').createServer === 'function' &&","                    'node';","            }","        }());","        // init global","        local.global = local.modeJs === 'browser'","            ? window","            : global;","        switch (local.modeJs) {","        // re-init local from window.local","        case 'browser':","            local = local.global.utility2.objectSetDefault(","                local.global.utility2_rollup || local.global.local,","                local.global.utility2","            );","            break;","        // re-init local from example.js","        case 'node':","            local = (local.global.utility2_rollup || require('utility2'))","                .requireReadme();","            break;","        }","        // export local","        local.global.local = local;","    }());","","","","    // run shared js-env code - function","    (function () {","        return;","    }());","    switch (local.modeJs) {","","","","    // run browser js-env code - function","    case 'browser':","        break;","","","","    // run node js-env code - function","    case 'node':","        break;","    }","","","","    // run shared js-env code - post-init","    (function () {","        return;","    }());","    switch (local.modeJs) {","","","","    // run browser js-env code - post-init","    case 'browser':","        local.testCase_browser_nullCase = local.testCase_browser_nullCase || function (","            options,","            onError","        ) {","        /*","         * this function will test browsers's null-case handling-behavior-behavior","         */","            onError(null, options);","        };","","        // run tests","        local.nop(local.modeTest &&","            document.querySelector('#testRunButton1') &&","            document.querySelector('#testRunButton1').click());","        break;","","","","    // run node js-env code - post-init","    /* istanbul ignore next */","    case 'node':","        local.testCase_buildApidoc_default = local.testCase_buildApidoc_default || function (","            options,","            onError","        ) {","        /*","         * this function will test buildApidoc's default handling-behavior-behavior","         */","            options = { modulePathList: module.paths };","            local.buildApidoc(options, onError);","        };","","        local.testCase_buildApp_default = local.testCase_buildApp_default || function (","            options,","            onError","        ) {","        /*","         * this function will test buildApp's default handling-behavior-behavior","         */","            local.testCase_buildReadme_default(options, local.onErrorThrow);","            local.testCase_buildLib_default(options, local.onErrorThrow);","            local.testCase_buildTest_default(options, local.onErrorThrow);","            local.testCase_buildCustomOrg_default(options, local.onErrorThrow);","            options = [];","            local.buildApp(options, onError);","        };","","        local.testCase_buildCustomOrg_default = local.testCase_buildCustomOrg_default ||","            function (options, onError) {","            /*","             * this function will test buildCustomOrg's default handling-behavior","             */","                options = {};","                local.buildCustomOrg(options, onError);","            };","","        local.testCase_buildLib_default = local.testCase_buildLib_default || function (","            options,","            onError","        ) {","        /*","         * this function will test buildLib's default handling-behavior","         */","            options = {};","            local.buildLib(options, onError);","        };","","        local.testCase_buildReadme_default = local.testCase_buildReadme_default || function (","            options,","            onError","        ) {","        /*","         * this function will test buildReadme's default handling-behavior-behavior","         */","            options = {};","            local.buildReadme(options, onError);","        };","","        local.testCase_buildTest_default = local.testCase_buildTest_default || function (","            options,","            onError","        ) {","        /*","         * this function will test buildTest's default handling-behavior","         */","            options = {};","            local.buildTest(options, onError);","        };","","        local.testCase_webpage_default = local.testCase_webpage_default || function (","            options,","            onError","        ) {","        /*","         * this function will test webpage's default handling-behavior","         */","            options = { modeCoverageMerge: true, url: local.serverLocalHost + '?modeTest=1' };","            local.browserTest(options, onError);","        };","","        // run test-server","        local.testRunServer(local);","        break;","    }","}());",""],"l":{"12":2,"14":2,"19":2,"21":2,"23":2,"24":2,"25":2,"30":1,"37":2,"40":2,"43":1,"47":1,"50":1,"52":1,"55":2,"61":2,"62":2,"64":2,"70":1,"76":1,"82":2,"83":2,"85":2,"91":1,"98":1,"102":1,"105":1,"112":1,"119":1,"120":1,"123":1,"130":1,"131":1,"132":1,"133":1,"134":1,"135":1,"138":1,"143":2,"144":2,"147":1,"154":2,"155":2,"158":1,"165":2,"166":2,"169":1,"176":2,"177":2,"180":1,"187":1,"188":1,"192":1,"193":1}},"/home/travis/build/npmtest/node-npmtest-geojsonhint/lib.npmtest_geojsonhint.js":{"path":"/home/travis/build/npmtest/node-npmtest-geojsonhint/lib.npmtest_geojsonhint.js","s":{"1":2,"2":2,"3":2,"4":2,"5":2,"6":2,"7":2,"8":1,"9":2,"10":2,"11":2,"12":2,"13":1,"14":1,"15":1,"16":1},"b":{"1":[2,1,1,1],"2":[1,1,1,1],"3":[1,1],"4":[2,2],"5":[1,1]},"f":{"1":2,"2":2,"3":2},"fnMap":{"1":{"name":"(anonymous_1)","line":12,"loc":{"start":{"line":12,"column":1},"end":{"line":12,"column":13}}},"2":{"name":"(anonymous_2)","line":19,"loc":{"start":{"line":19,"column":5},"end":{"line":19,"column":17}}},"3":{"name":"(anonymous_3)","line":23,"loc":{"start":{"line":23,"column":24},"end":{"line":23,"column":36}}}},"statementMap":{"1":{"start":{"line":12,"column":0},"end":{"line":53,"column":5}},"2":{"start":{"line":14,"column":4},"end":{"line":14,"column":14}},"3":{"start":{"line":19,"column":4},"end":{"line":52,"column":9}},"4":{"start":{"line":21,"column":8},"end":{"line":21,"column":19}},"5":{"start":{"line":23,"column":8},"end":{"line":35,"column":13}},"6":{"start":{"line":24,"column":12},"end":{"line":34,"column":13}},"7":{"start":{"line":25,"column":16},"end":{"line":28,"column":30}},"8":{"start":{"line":30,"column":16},"end":{"line":33,"column":27}},"9":{"start":{"line":37,"column":8},"end":{"line":39,"column":21}},"10":{"start":{"line":41,"column":8},"end":{"line":41,"column":54}},"11":{"start":{"line":43,"column":8},"end":{"line":43,"column":56}},"12":{"start":{"line":45,"column":8},"end":{"line":51,"column":9}},"13":{"start":{"line":46,"column":12},"end":{"line":46,"column":62}},"14":{"start":{"line":48,"column":12},"end":{"line":48,"column":35}},"15":{"start":{"line":49,"column":12},"end":{"line":49,"column":49}},"16":{"start":{"line":50,"column":12},"end":{"line":50,"column":43}}},"branchMap":{"1":{"line":25,"type":"binary-expr","locations":[{"start":{"line":25,"column":23},"end":{"line":25,"column":62}},{"start":{"line":26,"column":20},"end":{"line":26,"column":70}},{"start":{"line":27,"column":20},"end":{"line":27,"column":71}},{"start":{"line":28,"column":20},"end":{"line":28,"column":29}}]},"2":{"line":30,"type":"binary-expr","locations":[{"start":{"line":30,"column":23},"end":{"line":30,"column":37}},{"start":{"line":31,"column":20},"end":{"line":31,"column":61}},{"start":{"line":32,"column":20},"end":{"line":32,"column":70}},{"start":{"line":33,"column":20},"end":{"line":33,"column":26}}]},"3":{"line":37,"type":"cond-expr","locations":[{"start":{"line":38,"column":14},"end":{"line":38,"column":20}},{"start":{"line":39,"column":14},"end":{"line":39,"column":20}}]},"4":{"line":41,"type":"binary-expr","locations":[{"start":{"line":41,"column":16},"end":{"line":41,"column":44}},{"start":{"line":41,"column":48},"end":{"line":41,"column":53}}]},"5":{"line":45,"type":"if","locations":[{"start":{"line":45,"column":8},"end":{"line":45,"column":8}},{"start":{"line":45,"column":8},"end":{"line":45,"column":8}}]}},"code":["/* istanbul instrument in package npmtest_geojsonhint */","/*jslint","    bitwise: true,","    browser: true,","    maxerr: 8,","    maxlen: 96,","    node: true,","    nomen: true,","    regexp: true,","    stupid: true","*/","(function () {","    'use strict';","    var local;","","","","    // run shared js-env code - pre-init","    (function () {","        // init local","        local = {};","        // init modeJs","        local.modeJs = (function () {","            try {","                return typeof navigator.userAgent === 'string' &&","                    typeof document.querySelector('body') === 'object' &&","                    typeof XMLHttpRequest.prototype.open === 'function' &&","                    'browser';","            } catch (errorCaughtBrowser) {","                return module.exports &&","                    typeof process.versions.node === 'string' &&","                    typeof require('http').createServer === 'function' &&","                    'node';","            }","        }());","        // init global","        local.global = local.modeJs === 'browser'","            ? window","            : global;","        // init utility2_rollup","        local = local.global.utility2_rollup || local;","        // init lib","        local.local = local.npmtest_geojsonhint = local;","        // init exports","        if (local.modeJs === 'browser') {","            local.global.utility2_npmtest_geojsonhint = local;","        } else {","            module.exports = local;","            module.exports.__dirname = __dirname;","            module.exports.module = module;","        }","    }());","}());",""],"l":{"12":2,"14":2,"19":2,"21":2,"23":2,"24":2,"25":2,"30":1,"37":2,"41":2,"43":2,"45":2,"46":1,"48":1,"49":1,"50":1}},"/home/travis/build/npmtest/node-npmtest-geojsonhint/example.js":{"path":"/home/travis/build/npmtest/node-npmtest-geojsonhint/example.js","s":{"1":2,"2":2,"3":2,"4":2,"5":2,"6":2,"7":2,"8":1,"9":2,"10":2,"11":2,"12":2,"13":1,"14":2,"15":2,"16":2,"17":2,"18":2,"19":0,"20":2,"21":1,"22":1,"23":1,"24":1,"25":1,"26":0,"27":0,"28":1,"29":1,"30":2,"31":0,"32":0,"33":0,"34":1,"35":2,"36":2,"37":3,"38":3,"39":3,"40":3,"41":0,"42":3,"43":3,"44":3,"45":1,"46":3,"47":1,"48":1,"49":1,"50":1,"51":1,"52":1,"53":1,"54":1,"55":1,"56":1,"57":0,"58":1,"59":6,"60":6,"61":1,"62":2,"63":0,"64":2,"65":1,"66":1,"67":0,"68":0,"69":0,"70":0,"71":0,"72":0,"73":0,"74":0,"75":0,"76":0,"77":0,"78":0,"79":0,"80":0,"81":0,"82":0,"83":0},"b":{"1":[2,1,1,1],"2":[1,1,1,1],"3":[1,1],"4":[2,2],"5":[1,1],"6":[1,1],"7":[2,0],"8":[2,1,1,1,1,1],"9":[0,2,0],"10":[1,1],"11":[2,1,1],"12":[1,0],"13":[0,2],"14":[2,0,0,0,0,0,0],"15":[0,3],"16":[3,0],"17":[1,1],"18":[0,1],"19":[1,2,0,2],"20":[1,0],"21":[1,1],"22":[0,0],"23":[0,0],"24":[0,0],"25":[0,0],"26":[0,0],"27":[0,0],"28":[0,0]},"f":{"1":2,"2":2,"3":2,"4":2,"5":2,"6":2,"7":3,"8":3,"9":3,"10":1,"11":6,"12":0},"fnMap":{"1":{"name":"(anonymous_1)","line":26,"loc":{"start":{"line":26,"column":1},"end":{"line":26,"column":13}}},"2":{"name":"(anonymous_2)","line":33,"loc":{"start":{"line":33,"column":5},"end":{"line":33,"column":17}}},"3":{"name":"(anonymous_3)","line":37,"loc":{"start":{"line":37,"column":24},"end":{"line":37,"column":36}}},"4":{"name":"(anonymous_4)","line":69,"loc":{"start":{"line":69,"column":31},"end":{"line":69,"column":48}},"skip":true},"5":{"name":"(anonymous_5)","line":78,"loc":{"start":{"line":78,"column":26},"end":{"line":78,"column":45}},"skip":true},"6":{"name":"(anonymous_6)","line":123,"loc":{"start":{"line":123,"column":33},"end":{"line":123,"column":48}},"skip":true},"7":{"name":"(anonymous_7)","line":125,"loc":{"start":{"line":125,"column":27},"end":{"line":125,"column":39}},"skip":true},"8":{"name":"(anonymous_8)","line":133,"loc":{"start":{"line":133,"column":59},"end":{"line":133,"column":74}},"skip":true},"9":{"name":"(anonymous_9)","line":143,"loc":{"start":{"line":143,"column":45},"end":{"line":143,"column":62}},"skip":true},"10":{"name":"(anonymous_10)","line":144,"loc":{"start":{"line":144,"column":73},"end":{"line":144,"column":92}},"skip":true},"11":{"name":"(anonymous_11)","line":272,"loc":{"start":{"line":272,"column":51},"end":{"line":272,"column":77}},"skip":true},"12":{"name":"(anonymous_12)","line":315,"loc":{"start":{"line":315,"column":32},"end":{"line":315,"column":61}},"skip":true}},"statementMap":{"1":{"start":{"line":26,"column":0},"end":{"line":326,"column":5}},"2":{"start":{"line":28,"column":4},"end":{"line":28,"column":14}},"3":{"start":{"line":33,"column":4},"end":{"line":60,"column":9}},"4":{"start":{"line":35,"column":8},"end":{"line":35,"column":19}},"5":{"start":{"line":37,"column":8},"end":{"line":49,"column":13}},"6":{"start":{"line":38,"column":12},"end":{"line":48,"column":13}},"7":{"start":{"line":39,"column":16},"end":{"line":42,"column":30}},"8":{"start":{"line":44,"column":16},"end":{"line":47,"column":27}},"9":{"start":{"line":51,"column":8},"end":{"line":53,"column":21}},"10":{"start":{"line":55,"column":8},"end":{"line":57,"column":45}},"11":{"start":{"line":59,"column":8},"end":{"line":59,"column":35}},"12":{"start":{"line":61,"column":4},"end":{"line":325,"column":5}},"13":{"start":{"line":69,"column":8},"end":{"line":121,"column":10},"skip":true},"14":{"start":{"line":70,"column":12},"end":{"line":88,"column":13},"skip":true},"15":{"start":{"line":76,"column":16},"end":{"line":87,"column":19},"skip":true},"16":{"start":{"line":79,"column":20},"end":{"line":86,"column":21},"skip":true},"17":{"start":{"line":82,"column":24},"end":{"line":82,"column":43},"skip":true},"18":{"start":{"line":83,"column":24},"end":{"line":83,"column":30},"skip":true},"19":{"start":{"line":85,"column":24},"end":{"line":85,"column":49},"skip":true},"20":{"start":{"line":89,"column":12},"end":{"line":107,"column":13},"skip":true},"21":{"start":{"line":92,"column":16},"end":{"line":102,"column":17},"skip":true},"22":{"start":{"line":93,"column":20},"end":{"line":93,"column":86},"skip":true},"23":{"start":{"line":94,"column":20},"end":{"line":95,"column":45},"skip":true},"24":{"start":{"line":96,"column":20},"end":{"line":96,"column":42},"skip":true},"25":{"start":{"line":97,"column":20},"end":{"line":97,"column":48},"skip":true},"26":{"start":{"line":100,"column":20},"end":{"line":100,"column":85},"skip":true},"27":{"start":{"line":101,"column":20},"end":{"line":101,"column":96},"skip":true},"28":{"start":{"line":103,"column":16},"end":{"line":103,"column":22},"skip":true},"29":{"start":{"line":106,"column":16},"end":{"line":106,"column":22},"skip":true},"30":{"start":{"line":108,"column":12},"end":{"line":120,"column":13},"skip":true},"31":{"start":{"line":114,"column":16},"end":{"line":119,"column":17},"skip":true},"32":{"start":{"line":116,"column":20},"end":{"line":116,"column":78},"skip":true},"33":{"start":{"line":118,"column":20},"end":{"line":118,"column":47},"skip":true},"34":{"start":{"line":123,"column":8},"end":{"line":141,"column":11},"skip":true},"35":{"start":{"line":124,"column":12},"end":{"line":124,"column":54},"skip":true},"36":{"start":{"line":125,"column":12},"end":{"line":140,"column":14},"skip":true},"37":{"start":{"line":126,"column":16},"end":{"line":126,"column":28},"skip":true},"38":{"start":{"line":127,"column":16},"end":{"line":127,"column":69},"skip":true},"39":{"start":{"line":128,"column":16},"end":{"line":128,"column":75},"skip":true},"40":{"start":{"line":129,"column":16},"end":{"line":131,"column":17},"skip":true},"41":{"start":{"line":130,"column":20},"end":{"line":130,"column":27},"skip":true},"42":{"start":{"line":133,"column":16},"end":{"line":137,"column":36},"skip":true},"43":{"start":{"line":134,"column":20},"end":{"line":136,"column":55},"skip":true},"44":{"start":{"line":139,"column":16},"end":{"line":139,"column":57},"skip":true},"45":{"start":{"line":143,"column":8},"end":{"line":147,"column":11},"skip":true},"46":{"start":{"line":144,"column":12},"end":{"line":146,"column":15},"skip":true},"47":{"start":{"line":145,"column":16},"end":{"line":145,"column":70},"skip":true},"48":{"start":{"line":149,"column":8},"end":{"line":149,"column":31},"skip":true},"49":{"start":{"line":150,"column":8},"end":{"line":150,"column":14},"skip":true},"50":{"start":{"line":158,"column":8},"end":{"line":158,"column":31},"skip":true},"51":{"start":{"line":160,"column":8},"end":{"line":160,"column":33},"skip":true},"52":{"start":{"line":161,"column":8},"end":{"line":161,"column":37},"skip":true},"53":{"start":{"line":162,"column":8},"end":{"line":162,"column":35},"skip":true},"54":{"start":{"line":164,"column":8},"end":{"line":164,"column":50},"skip":true},"55":{"start":{"line":166,"column":8},"end":{"line":256,"column":2},"skip":true},"56":{"start":{"line":258,"column":8},"end":{"line":286,"column":9},"skip":true},"57":{"start":{"line":259,"column":12},"end":{"line":269,"column":14},"skip":true},"58":{"start":{"line":271,"column":12},"end":{"line":285,"column":19},"skip":true},"59":{"start":{"line":274,"column":20},"end":{"line":274,"column":35},"skip":true},"60":{"start":{"line":275,"column":20},"end":{"line":284,"column":21},"skip":true},"61":{"start":{"line":277,"column":24},"end":{"line":277,"column":64},"skip":true},"62":{"start":{"line":279,"column":24},"end":{"line":279,"column":40},"skip":true},"63":{"start":{"line":281,"column":24},"end":{"line":281,"column":40},"skip":true},"64":{"start":{"line":283,"column":24},"end":{"line":283,"column":39},"skip":true},"65":{"start":{"line":288,"column":8},"end":{"line":290,"column":9},"skip":true},"66":{"start":{"line":289,"column":12},"end":{"line":289,"column":18},"skip":true},"67":{"start":{"line":291,"column":8},"end":{"line":293,"column":54},"skip":true},"68":{"start":{"line":296,"column":8},"end":{"line":301,"column":37},"skip":true},"69":{"start":{"line":303,"column":8},"end":{"line":303,"column":82},"skip":true},"70":{"start":{"line":306,"column":8},"end":{"line":308,"column":9},"skip":true},"71":{"start":{"line":307,"column":12},"end":{"line":307,"column":82},"skip":true},"72":{"start":{"line":310,"column":8},"end":{"line":312,"column":9},"skip":true},"73":{"start":{"line":311,"column":12},"end":{"line":311,"column":18},"skip":true},"74":{"start":{"line":313,"column":8},"end":{"line":313,"column":54},"skip":true},"75":{"start":{"line":314,"column":8},"end":{"line":314,"column":69},"skip":true},"76":{"start":{"line":315,"column":8},"end":{"line":323,"column":36},"skip":true},"77":{"start":{"line":316,"column":12},"end":{"line":316,"column":61},"skip":true},"78":{"start":{"line":317,"column":12},"end":{"line":320,"column":13},"skip":true},"79":{"start":{"line":318,"column":16},"end":{"line":318,"column":75},"skip":true},"80":{"start":{"line":319,"column":16},"end":{"line":319,"column":23},"skip":true},"81":{"start":{"line":321,"column":12},"end":{"line":321,"column":38},"skip":true},"82":{"start":{"line":322,"column":12},"end":{"line":322,"column":27},"skip":true},"83":{"start":{"line":324,"column":8},"end":{"line":324,"column":14},"skip":true}},"branchMap":{"1":{"line":39,"type":"binary-expr","locations":[{"start":{"line":39,"column":23},"end":{"line":39,"column":62}},{"start":{"line":40,"column":20},"end":{"line":40,"column":70}},{"start":{"line":41,"column":20},"end":{"line":41,"column":71}},{"start":{"line":42,"column":20},"end":{"line":42,"column":29}}]},"2":{"line":44,"type":"binary-expr","locations":[{"start":{"line":44,"column":23},"end":{"line":44,"column":37}},{"start":{"line":45,"column":20},"end":{"line":45,"column":61}},{"start":{"line":46,"column":20},"end":{"line":46,"column":70}},{"start":{"line":47,"column":20},"end":{"line":47,"column":26}}]},"3":{"line":51,"type":"cond-expr","locations":[{"start":{"line":52,"column":14},"end":{"line":52,"column":20}},{"start":{"line":53,"column":14},"end":{"line":53,"column":20}}]},"4":{"line":55,"type":"binary-expr","locations":[{"start":{"line":55,"column":16},"end":{"line":55,"column":44}},{"start":{"line":55,"column":49},"end":{"line":57,"column":43}}]},"5":{"line":55,"type":"cond-expr","locations":[{"start":{"line":56,"column":14},"end":{"line":56,"column":55}},{"start":{"line":57,"column":14},"end":{"line":57,"column":43}}]},"6":{"line":61,"type":"switch","locations":[{"start":{"line":68,"column":4},"end":{"line":150,"column":14},"skip":true},{"start":{"line":156,"column":4},"end":{"line":324,"column":14},"skip":true}]},"7":{"line":70,"type":"if","locations":[{"start":{"line":70,"column":12},"end":{"line":70,"column":12},"skip":true},{"start":{"line":70,"column":12},"end":{"line":70,"column":12},"skip":true}]},"8":{"line":70,"type":"binary-expr","locations":[{"start":{"line":70,"column":16},"end":{"line":70,"column":22},"skip":true},{"start":{"line":70,"column":27},"end":{"line":70,"column":32},"skip":true},{"start":{"line":71,"column":20},"end":{"line":71,"column":39},"skip":true},{"start":{"line":72,"column":20},"end":{"line":72,"column":49},"skip":true},{"start":{"line":73,"column":20},"end":{"line":73,"column":58},"skip":true},{"start":{"line":74,"column":20},"end":{"line":74,"column":69},"skip":true}]},"9":{"line":79,"type":"switch","locations":[{"start":{"line":80,"column":20},"end":{"line":80,"column":33},"skip":true},{"start":{"line":81,"column":20},"end":{"line":83,"column":30},"skip":true},{"start":{"line":84,"column":20},"end":{"line":85,"column":49},"skip":true}]},"10":{"line":89,"type":"switch","locations":[{"start":{"line":90,"column":12},"end":{"line":103,"column":22},"skip":true},{"start":{"line":105,"column":12},"end":{"line":106,"column":22},"skip":true}]},"11":{"line":89,"type":"binary-expr","locations":[{"start":{"line":89,"column":20},"end":{"line":89,"column":25},"skip":true},{"start":{"line":89,"column":29},"end":{"line":89,"column":48},"skip":true},{"start":{"line":89,"column":52},"end":{"line":89,"column":74},"skip":true}]},"12":{"line":92,"type":"if","locations":[{"start":{"line":92,"column":16},"end":{"line":92,"column":16},"skip":true},{"start":{"line":92,"column":16},"end":{"line":92,"column":16},"skip":true}]},"13":{"line":108,"type":"if","locations":[{"start":{"line":108,"column":12},"end":{"line":108,"column":12},"skip":true},{"start":{"line":108,"column":12},"end":{"line":108,"column":12},"skip":true}]},"14":{"line":108,"type":"binary-expr","locations":[{"start":{"line":108,"column":16},"end":{"line":108,"column":61},"skip":true},{"start":{"line":108,"column":66},"end":{"line":108,"column":72},"skip":true},{"start":{"line":108,"column":77},"end":{"line":108,"column":82},"skip":true},{"start":{"line":109,"column":20},"end":{"line":109,"column":39},"skip":true},{"start":{"line":110,"column":20},"end":{"line":110,"column":49},"skip":true},{"start":{"line":111,"column":20},"end":{"line":111,"column":58},"skip":true},{"start":{"line":112,"column":20},"end":{"line":112,"column":68},"skip":true}]},"15":{"line":129,"type":"if","locations":[{"start":{"line":129,"column":16},"end":{"line":129,"column":16},"skip":true},{"start":{"line":129,"column":16},"end":{"line":129,"column":16},"skip":true}]},"16":{"line":134,"type":"cond-expr","locations":[{"start":{"line":135,"column":26},"end":{"line":135,"column":29},"skip":true},{"start":{"line":136,"column":26},"end":{"line":136,"column":54},"skip":true}]},"17":{"line":164,"type":"binary-expr","locations":[{"start":{"line":164,"column":27},"end":{"line":164,"column":43},"skip":true},{"start":{"line":164,"column":47},"end":{"line":164,"column":49},"skip":true}]},"18":{"line":258,"type":"if","locations":[{"start":{"line":258,"column":8},"end":{"line":258,"column":8},"skip":true},{"start":{"line":258,"column":8},"end":{"line":258,"column":8},"skip":true}]},"19":{"line":275,"type":"switch","locations":[{"start":{"line":276,"column":20},"end":{"line":277,"column":64},"skip":true},{"start":{"line":278,"column":20},"end":{"line":279,"column":40},"skip":true},{"start":{"line":280,"column":20},"end":{"line":281,"column":40},"skip":true},{"start":{"line":282,"column":20},"end":{"line":283,"column":39},"skip":true}]},"20":{"line":288,"type":"if","locations":[{"start":{"line":288,"column":8},"end":{"line":288,"column":8},"skip":true},{"start":{"line":288,"column":8},"end":{"line":288,"column":8},"skip":true}]},"21":{"line":288,"type":"binary-expr","locations":[{"start":{"line":288,"column":12},"end":{"line":288,"column":40},"skip":true},{"start":{"line":288,"column":44},"end":{"line":288,"column":67},"skip":true}]},"22":{"line":292,"type":"binary-expr","locations":[{"start":{"line":292,"column":12},"end":{"line":292,"column":50},"skip":true},{"start":{"line":293,"column":12},"end":{"line":293,"column":53},"skip":true}]},"23":{"line":297,"type":"binary-expr","locations":[{"start":{"line":297,"column":12},"end":{"line":297,"column":69},"skip":true},{"start":{"line":298,"column":12},"end":{"line":301,"column":36},"skip":true}]},"24":{"line":303,"type":"binary-expr","locations":[{"start":{"line":303,"column":43},"end":{"line":303,"column":75},"skip":true},{"start":{"line":303,"column":79},"end":{"line":303,"column":81},"skip":true}]},"25":{"line":306,"type":"if","locations":[{"start":{"line":306,"column":8},"end":{"line":306,"column":8},"skip":true},{"start":{"line":306,"column":8},"end":{"line":306,"column":8},"skip":true}]},"26":{"line":310,"type":"if","locations":[{"start":{"line":310,"column":8},"end":{"line":310,"column":8},"skip":true},{"start":{"line":310,"column":8},"end":{"line":310,"column":8},"skip":true}]},"27":{"line":313,"type":"binary-expr","locations":[{"start":{"line":313,"column":27},"end":{"line":313,"column":43},"skip":true},{"start":{"line":313,"column":47},"end":{"line":313,"column":53},"skip":true}]},"28":{"line":317,"type":"if","locations":[{"start":{"line":317,"column":12},"end":{"line":317,"column":12},"skip":true},{"start":{"line":317,"column":12},"end":{"line":317,"column":12},"skip":true}]}},"code":["/*","example.js","","quickstart example","","instruction","    1. save this script as example.js","    2. run the shell command:","        $ npm install npmtest-geojsonhint && PORT=8081 node example.js","    3. play with the browser-demo on http://127.0.0.1:8081","*/","","","","/* istanbul instrument in package npmtest_geojsonhint */","/*jslint","    bitwise: true,","    browser: true,","    maxerr: 8,","    maxlen: 96,","    node: true,","    nomen: true,","    regexp: true,","    stupid: true","*/","(function () {","    'use strict';","    var local;","","","","    // run shared js-env code - pre-init","    (function () {","        // init local","        local = {};","        // init modeJs","        local.modeJs = (function () {","            try {","                return typeof navigator.userAgent === 'string' &&","                    typeof document.querySelector('body') === 'object' &&","                    typeof XMLHttpRequest.prototype.open === 'function' &&","                    'browser';","            } catch (errorCaughtBrowser) {","                return module.exports &&","                    typeof process.versions.node === 'string' &&","                    typeof require('http').createServer === 'function' &&","                    'node';","            }","        }());","        // init global","        local.global = local.modeJs === 'browser'","            ? window","            : global;","        // init utility2_rollup","        local = local.global.utility2_rollup || (local.modeJs === 'browser'","            ? local.global.utility2_npmtest_geojsonhint","            : global.utility2_moduleExports);","        // export local","        local.global.local = local;","    }());","    switch (local.modeJs) {","","","","    // post-init","    // run browser js-env code - post-init","    /* istanbul ignore next */","    case 'browser':","        local.testRunBrowser = function (event) {","            if (!event || (event &&","                    event.currentTarget &&","                    event.currentTarget.className &&","                    event.currentTarget.className.includes &&","                    event.currentTarget.className.includes('onreset'))) {","                // reset output","                Array.from(","                    document.querySelectorAll('body > .resettable')","                ).forEach(function (element) {","                    switch (element.tagName) {","                    case 'INPUT':","                    case 'TEXTAREA':","                        element.value = '';","                        break;","                    default:","                        element.textContent = '';","                    }","                });","            }","            switch (event && event.currentTarget && event.currentTarget.id) {","            case 'testRunButton1':","                // show tests","                if (document.querySelector('#testReportDiv1').style.display === 'none') {","                    document.querySelector('#testReportDiv1').style.display = 'block';","                    document.querySelector('#testRunButton1').textContent =","                        'hide internal test';","                    local.modeTest = true;","                    local.testRunDefault(local);","                // hide tests","                } else {","                    document.querySelector('#testReportDiv1').style.display = 'none';","                    document.querySelector('#testRunButton1').textContent = 'run internal test';","                }","                break;","            // custom-case","            default:","                break;","            }","            if (document.querySelector('#inputTextareaEval1') && (!event || (event &&","                    event.currentTarget &&","                    event.currentTarget.className &&","                    event.currentTarget.className.includes &&","                    event.currentTarget.className.includes('oneval')))) {","                // try to eval input-code","                try {","                    /*jslint evil: true*/","                    eval(document.querySelector('#inputTextareaEval1').value);","                } catch (errorCaught) {","                    console.error(errorCaught);","                }","            }","        };","        // log stderr and stdout to #outputTextareaStdout1","        ['error', 'log'].forEach(function (key) {","            console[key + '_original'] = console[key];","            console[key] = function () {","                var element;","                console[key + '_original'].apply(console, arguments);","                element = document.querySelector('#outputTextareaStdout1');","                if (!element) {","                    return;","                }","                // append text to #outputTextareaStdout1","                element.value += Array.from(arguments).map(function (arg) {","                    return typeof arg === 'string'","                        ? arg","                        : JSON.stringify(arg, null, 4);","                }).join(' ') + '\\n';","                // scroll textarea to bottom","                element.scrollTop = element.scrollHeight;","            };","        });","        // init event-handling","        ['change', 'click', 'keyup'].forEach(function (event) {","            Array.from(document.querySelectorAll('.on' + event)).forEach(function (element) {","                element.addEventListener(event, local.testRunBrowser);","            });","        });","        // run tests","        local.testRunBrowser();","        break;","","","","    // run node js-env code - post-init","    /* istanbul ignore next */","    case 'node':","        // export local","        module.exports = local;","        // require modules","        local.fs = require('fs');","        local.http = require('http');","        local.url = require('url');","        // init assets","        local.assetsDict = local.assetsDict || {};","        /* jslint-ignore-begin */","        local.assetsDict['/assets.index.template.html'] = '\\","<!doctype html>\\n\\","<html lang=\"en\">\\n\\","<head>\\n\\","<meta charset=\"UTF-8\">\\n\\","<meta name=\"viewport\" content=\"width=device-width, initial-scale=1\">\\n\\","<title>{{env.npm_package_name}} (v{{env.npm_package_version}})</title>\\n\\","<style>\\n\\","/*csslint\\n\\","    box-sizing: false,\\n\\","    universal-selector: false\\n\\","*/\\n\\","* {\\n\\","    box-sizing: border-box;\\n\\","}\\n\\","body {\\n\\","    background: #dde;\\n\\","    font-family: Arial, Helvetica, sans-serif;\\n\\","    margin: 2rem;\\n\\","}\\n\\","body > * {\\n\\","    margin-bottom: 1rem;\\n\\","}\\n\\",".utility2FooterDiv {\\n\\","    margin-top: 20px;\\n\\","    text-align: center;\\n\\","}\\n\\","</style>\\n\\","<style>\\n\\","/*csslint\\n\\","*/\\n\\","textarea {\\n\\","    font-family: monospace;\\n\\","    height: 10rem;\\n\\","    width: 100%;\\n\\","}\\n\\","textarea[readonly] {\\n\\","    background: #ddd;\\n\\","}\\n\\","</style>\\n\\","</head>\\n\\","<body>\\n\\","<!-- utility2-comment\\n\\","<div id=\"ajaxProgressDiv1\" style=\"background: #d00; height: 2px; left: 0; margin: 0; padding: 0; position: fixed; top: 0; transition: background 0.5s, width 1.5s; width: 25%;\"></div>\\n\\","utility2-comment -->\\n\\","<h1>\\n\\","<!-- utility2-comment\\n\\","    <a\\n\\","        {{#if env.npm_package_homepage}}\\n\\","        href=\"{{env.npm_package_homepage}}\"\\n\\","        {{/if env.npm_package_homepage}}\\n\\","        target=\"_blank\"\\n\\","    >\\n\\","utility2-comment -->\\n\\","        {{env.npm_package_name}} (v{{env.npm_package_version}})\\n\\","<!-- utility2-comment\\n\\","    </a>\\n\\","utility2-comment -->\\n\\","</h1>\\n\\","<h3>{{env.npm_package_description}}</h3>\\n\\","<!-- utility2-comment\\n\\","<h4><a download href=\"assets.app.js\">download standalone app</a></h4>\\n\\","<button class=\"onclick onreset\" id=\"testRunButton1\">run internal test</button><br>\\n\\","<div id=\"testReportDiv1\" style=\"display: none;\"></div>\\n\\","utility2-comment -->\\n\\","\\n\\","\\n\\","\\n\\","<label>stderr and stdout</label>\\n\\","<textarea class=\"resettable\" id=\"outputTextareaStdout1\" readonly></textarea>\\n\\","<!-- utility2-comment\\n\\","{{#if isRollup}}\\n\\","<script src=\"assets.app.js\"></script>\\n\\","{{#unless isRollup}}\\n\\","utility2-comment -->\\n\\","<script src=\"assets.utility2.rollup.js\"></script>\\n\\","<script src=\"jsonp.utility2._stateInit?callback=window.utility2._stateInit\"></script>\\n\\","<script src=\"assets.npmtest_geojsonhint.rollup.js\"></script>\\n\\","<script src=\"assets.example.js\"></script>\\n\\","<script src=\"assets.test.js\"></script>\\n\\","<!-- utility2-comment\\n\\","{{/if isRollup}}\\n\\","utility2-comment -->\\n\\","<div class=\"utility2FooterDiv\">\\n\\","    [ this app was created with\\n\\","    <a href=\"https://github.com/kaizhu256/node-utility2\" target=\"_blank\">utility2</a>\\n\\","    ]\\n\\","</div>\\n\\","</body>\\n\\","</html>\\n\\","';","        /* jslint-ignore-end */","        if (local.templateRender) {","            local.assetsDict['/'] = local.templateRender(","                local.assetsDict['/assets.index.template.html'],","                {","                    env: local.objectSetDefault(local.env, {","                        npm_package_description: 'the greatest app in the world!',","                        npm_package_name: 'my-app',","                        npm_package_nameAlias: 'my_app',","                        npm_package_version: '0.0.1'","                    })","                }","            );","        } else {","            local.assetsDict['/'] = local.assetsDict['/assets.index.template.html']","                .replace((/\\{\\{env\\.(\\w+?)\\}\\}/g), function (match0, match1) {","                    // jslint-hack","                    String(match0);","                    switch (match1) {","                    case 'npm_package_description':","                        return 'the greatest app in the world!';","                    case 'npm_package_name':","                        return 'my-app';","                    case 'npm_package_nameAlias':","                        return 'my_app';","                    case 'npm_package_version':","                        return '0.0.1';","                    }","                });","        }","        // run the cli","        if (local.global.utility2_rollup || module !== require.main) {","            break;","        }","        local.assetsDict['/assets.example.js'] =","            local.assetsDict['/assets.example.js'] ||","            local.fs.readFileSync(__filename, 'utf8');","        // bug-workaround - long $npm_package_buildCustomOrg","        /* jslint-ignore-begin */","        local.assetsDict['/assets.npmtest_geojsonhint.rollup.js'] =","            local.assetsDict['/assets.npmtest_geojsonhint.rollup.js'] ||","            local.fs.readFileSync(","                local.npmtest_geojsonhint.__dirname + '/lib.npmtest_geojsonhint.js',","                'utf8'","            ).replace((/^#!/), '//');","        /* jslint-ignore-end */","        local.assetsDict['/favicon.ico'] = local.assetsDict['/favicon.ico'] || '';","        // if $npm_config_timeout_exit exists,","        // then exit this process after $npm_config_timeout_exit ms","        if (Number(process.env.npm_config_timeout_exit)) {","            setTimeout(process.exit, Number(process.env.npm_config_timeout_exit));","        }","        // start server","        if (local.global.utility2_serverHttp1) {","            break;","        }","        process.env.PORT = process.env.PORT || '8081';","        console.error('server starting on port ' + process.env.PORT);","        local.http.createServer(function (request, response) {","            request.urlParsed = local.url.parse(request.url);","            if (local.assetsDict[request.urlParsed.pathname] !== undefined) {","                response.end(local.assetsDict[request.urlParsed.pathname]);","                return;","            }","            response.statusCode = 404;","            response.end();","        }).listen(process.env.PORT);","        break;","    }","}());",""],"l":{"26":2,"28":2,"33":2,"35":2,"37":2,"38":2,"39":2,"44":1,"51":2,"55":2,"59":2,"61":2,"69":1,"70":2,"76":2,"79":2,"82":2,"83":2,"85":1,"89":2,"92":1,"93":1,"94":1,"96":1,"97":1,"100":1,"101":1,"103":1,"106":1,"108":2,"114":1,"116":1,"118":1,"123":1,"124":2,"125":2,"126":3,"127":3,"128":3,"129":3,"130":1,"133":3,"134":3,"139":3,"143":1,"144":3,"145":1,"149":1,"150":1,"158":1,"160":1,"161":1,"162":1,"164":1,"166":1,"258":1,"259":1,"271":1,"274":6,"275":6,"277":1,"279":2,"281":1,"283":2,"288":1,"289":1,"291":1,"296":1,"303":1,"306":1,"307":1,"310":1,"311":1,"313":1,"314":1,"315":1,"316":1,"317":1,"318":1,"319":1,"321":1,"322":1,"324":1}},"/home/travis/build/npmtest/node-npmtest-geojsonhint/node_modules/geojsonhint/lib/index.js":{"path":"/home/travis/build/npmtest/node-npmtest-geojsonhint/node_modules/geojsonhint/lib/index.js","s":{"1":1,"2":1,"3":0,"4":0,"5":0,"6":0,"7":0,"8":0,"9":0,"10":0,"11":0,"12":0,"13":0,"14":0,"15":1},"b":{"1":[0,0],"2":[0,0]},"f":{"1":0},"fnMap":{"1":{"name":"hint","line":15,"loc":{"start":{"line":15,"column":0},"end":{"line":15,"column":28}}}},"statementMap":{"1":{"start":{"line":1,"column":0},"end":{"line":2,"column":42}},"2":{"start":{"line":15,"column":0},"end":{"line":43,"column":1}},"3":{"start":{"line":17,"column":4},"end":{"line":17,"column":24}},"4":{"start":{"line":19,"column":4},"end":{"line":38,"column":5}},"5":{"start":{"line":20,"column":8},"end":{"line":20,"column":17}},"6":{"start":{"line":21,"column":11},"end":{"line":38,"column":5}},"7":{"start":{"line":22,"column":8},"end":{"line":32,"column":9}},"8":{"start":{"line":23,"column":12},"end":{"line":23,"column":37}},"9":{"start":{"line":25,"column":12},"end":{"line":25,"column":54}},"10":{"start":{"line":26,"column":12},"end":{"line":26,"column":52}},"11":{"start":{"line":27,"column":12},"end":{"line":31,"column":15}},"12":{"start":{"line":34,"column":8},"end":{"line":37,"column":11}},"13":{"start":{"line":40,"column":4},"end":{"line":40,"column":64}},"14":{"start":{"line":42,"column":4},"end":{"line":42,"column":18}},"15":{"start":{"line":45,"column":0},"end":{"line":45,"column":27}}},"branchMap":{"1":{"line":19,"type":"if","locations":[{"start":{"line":19,"column":4},"end":{"line":19,"column":4}},{"start":{"line":19,"column":4},"end":{"line":19,"column":4}}]},"2":{"line":21,"type":"if","locations":[{"start":{"line":21,"column":11},"end":{"line":21,"column":11}},{"start":{"line":21,"column":11},"end":{"line":21,"column":11}}]}},"code":["var jsonlint = require('jsonlint-lines'),","  geojsonHintObject = require('./object');","","/**"," * @alias geojsonhint"," * @param {(string|object)} GeoJSON given as a string or as an object"," * @param {Object} options"," * @param {boolean} [options.noDuplicateMembers=true] forbid repeated"," * properties. This is only available for string input, becaused parsed"," * Objects cannot have duplicate properties."," * @param {boolean} [options.precisionWarning=true] warn if GeoJSON contains"," * unnecessary coordinate precision."," * @returns {Array<Object>} an array of errors"," */","function hint(str, options) {","","    var gj, errors = [];","","    if (typeof str === 'object') {","        gj = str;","    } else if (typeof str === 'string') {","        try {","            gj = jsonlint.parse(str);","        } catch(e) {","            var match = e.message.match(/line (\\d+)/);","            var lineNumber = parseInt(match[1], 10);","            return [{","                line: lineNumber - 1,","                message: e.message,","                error: e","            }];","        }","    } else {","        return [{","            message: 'Expected string or object as input',","            line: 0","        }];","    }","","    errors = errors.concat(geojsonHintObject.hint(gj, options));","","    return errors;","}","","module.exports.hint = hint;",""],"l":{"1":1,"15":1,"17":0,"19":0,"20":0,"21":0,"22":0,"23":0,"25":0,"26":0,"27":0,"34":0,"40":0,"42":0,"45":1}},"/home/travis/build/npmtest/node-npmtest-geojsonhint/node_modules/geojsonhint/lib/object.js":{"path":"/home/travis/build/npmtest/node-npmtest-geojsonhint/node_modules/geojsonhint/lib/object.js","s":{"1":1,"2":1,"3":0,"4":0,"5":0,"6":0,"7":1,"8":0,"9":0,"10":0,"11":0,"12":0,"13":0,"14":0,"15":0,"16":0,"17":0,"18":0,"19":1,"20":0,"21":0,"22":1,"23":0,"24":0,"25":0,"26":0,"27":0,"28":0,"29":0,"30":0,"31":0,"32":1,"33":0,"34":0,"35":0,"36":0,"37":0,"38":0,"39":0,"40":0,"41":0,"42":0,"43":1,"44":0,"45":0,"46":0,"47":0,"48":0,"49":0,"50":0,"51":0,"52":0,"53":0,"54":0,"55":0,"56":0,"57":0,"58":0,"59":0,"60":0,"61":0,"62":0,"63":0,"64":0,"65":1,"66":0,"67":0,"68":0,"69":0,"70":0,"71":0,"72":0,"73":0,"74":0,"75":0,"76":0,"77":0,"78":0,"79":0,"80":0,"81":0,"82":0,"83":0,"84":0,"85":0,"86":0,"87":0,"88":0,"89":1,"90":0,"91":0,"92":0,"93":0,"94":0,"95":0,"96":1,"97":0,"98":0,"99":0,"100":0,"101":0,"102":0,"103":0,"104":0,"105":0,"106":1,"107":0,"108":0,"109":0,"110":0,"111":0,"112":0,"113":1,"114":0,"115":0,"116":0,"117":0,"118":0,"119":1,"120":0,"121":0,"122":0,"123":0,"124":0,"125":1,"126":0,"127":0,"128":0,"129":0,"130":0,"131":1,"132":0,"133":0,"134":0,"135":0,"136":1,"137":0,"138":0,"139":0,"140":0,"141":1,"142":0,"143":0,"144":0,"145":0,"146":1,"147":0,"148":0,"149":0,"150":0,"151":0,"152":0,"153":0,"154":0,"155":0,"156":0,"157":0,"158":0,"159":1,"160":0,"161":0,"162":0,"163":0,"164":0,"165":0,"166":0,"167":0,"168":0,"169":0,"170":0,"171":0,"172":0,"173":0,"174":0,"175":0,"176":0,"177":0,"178":0,"179":0,"180":0,"181":0,"182":0,"183":0,"184":0,"185":0,"186":1},"b":{"1":[0,0],"2":[0,0,0],"3":[0,0],"4":[0,0],"5":[0,0],"6":[0,0],"7":[0,0],"8":[0,0],"9":[0,0],"10":[0,0],"11":[0,0],"12":[0,0,0],"13":[0,0],"14":[0,0],"15":[0,0],"16":[0,0],"17":[0,0],"18":[0,0],"19":[0,0],"20":[0,0],"21":[0,0],"22":[0,0],"23":[0,0],"24":[0,0],"25":[0,0],"26":[0,0],"27":[0,0],"28":[0,0],"29":[0,0],"30":[0,0],"31":[0,0],"32":[0,0],"33":[0,0],"34":[0,0],"35":[0,0],"36":[0,0],"37":[0,0],"38":[0,0],"39":[0,0],"40":[0,0],"41":[0,0],"42":[0,0],"43":[0,0],"44":[0,0,0],"45":[0,0],"46":[0,0],"47":[0,0],"48":[0,0],"49":[0,0],"50":[0,0],"51":[0,0,0],"52":[0,0],"53":[0,0],"54":[0,0],"55":[0,0],"56":[0,0],"57":[0,0],"58":[0,0],"59":[0,0],"60":[0,0],"61":[0,0],"62":[0,0],"63":[0,0],"64":[0,0],"65":[0,0],"66":[0,0],"67":[0,0],"68":[0,0],"69":[0,0],"70":[0,0],"71":[0,0],"72":[0,0],"73":[0,0],"74":[0,0,0],"75":[0,0],"76":[0,0],"77":[0,0],"78":[0,0],"79":[0,0],"80":[0,0],"81":[0,0,0],"82":[0,0],"83":[0,0]},"f":{"1":0,"2":0,"3":0,"4":0,"5":0,"6":0,"7":0,"8":0,"9":0,"10":0,"11":0,"12":0,"13":0,"14":0,"15":0,"16":0,"17":0,"18":0,"19":0,"20":0,"21":0,"22":0,"23":0,"24":0,"25":0,"26":0},"fnMap":{"1":{"name":"hint","line":14,"loc":{"start":{"line":14,"column":0},"end":{"line":14,"column":27}}},"2":{"name":"root","line":21,"loc":{"start":{"line":21,"column":4},"end":{"line":21,"column":21}}},"3":{"name":"everyIs","line":53,"loc":{"start":{"line":53,"column":4},"end":{"line":53,"column":30}}},"4":{"name":"(anonymous_4)","line":55,"loc":{"start":{"line":55,"column":23},"end":{"line":55,"column":35}}},"5":{"name":"requiredProperty","line":60,"loc":{"start":{"line":60,"column":4},"end":{"line":60,"column":45}}},"6":{"name":"FeatureCollection","line":93,"loc":{"start":{"line":93,"column":4},"end":{"line":93,"column":50}}},"7":{"name":"position","line":120,"loc":{"start":{"line":120,"column":4},"end":{"line":120,"column":31}}},"8":{"name":"(anonymous_8)","line":156,"loc":{"start":{"line":156,"column":26},"end":{"line":156,"column":40}}},"9":{"name":"positionArray","line":174,"loc":{"start":{"line":174,"column":4},"end":{"line":174,"column":54}}},"10":{"name":"(anonymous_10)","line":198,"loc":{"start":{"line":198,"column":53},"end":{"line":198,"column":74}}},"11":{"name":"(anonymous_11)","line":220,"loc":{"start":{"line":220,"column":37},"end":{"line":220,"column":49}}},"12":{"name":"(anonymous_12)","line":223,"loc":{"start":{"line":223,"column":32},"end":{"line":223,"column":44}}},"13":{"name":"crs","line":229,"loc":{"start":{"line":229,"column":4},"end":{"line":229,"column":20}}},"14":{"name":"bbox","line":245,"loc":{"start":{"line":245,"column":4},"end":{"line":245,"column":21}}},"15":{"name":"geometrySemantics","line":270,"loc":{"start":{"line":270,"column":4},"end":{"line":270,"column":37}}},"16":{"name":"Point","line":292,"loc":{"start":{"line":292,"column":4},"end":{"line":292,"column":26}}},"17":{"name":"Polygon","line":302,"loc":{"start":{"line":302,"column":4},"end":{"line":302,"column":30}}},"18":{"name":"MultiPolygon","line":313,"loc":{"start":{"line":313,"column":4},"end":{"line":313,"column":40}}},"19":{"name":"LineString","line":324,"loc":{"start":{"line":324,"column":4},"end":{"line":324,"column":36}}},"20":{"name":"MultiLineString","line":333,"loc":{"start":{"line":333,"column":4},"end":{"line":333,"column":46}}},"21":{"name":"MultiPoint","line":342,"loc":{"start":{"line":342,"column":4},"end":{"line":342,"column":36}}},"22":{"name":"GeometryCollection","line":350,"loc":{"start":{"line":350,"column":4},"end":{"line":350,"column":52}}},"23":{"name":"(anonymous_23)","line":366,"loc":{"start":{"line":366,"column":50},"end":{"line":366,"column":69}}},"24":{"name":"Feature","line":380,"loc":{"start":{"line":380,"column":4},"end":{"line":380,"column":30}}},"25":{"name":"(anonymous_25)","line":430,"loc":{"start":{"line":430,"column":47},"end":{"line":430,"column":68}}},"26":{"name":"(anonymous_26)","line":447,"loc":{"start":{"line":447,"column":19},"end":{"line":447,"column":33}}}},"statementMap":{"1":{"start":{"line":1,"column":0},"end":{"line":1,"column":37}},"2":{"start":{"line":14,"column":0},"end":{"line":454,"column":1}},"3":{"start":{"line":16,"column":4},"end":{"line":16,"column":20}},"4":{"start":{"line":17,"column":4},"end":{"line":17,"column":34}},"5":{"start":{"line":18,"column":4},"end":{"line":18,"column":34}},"6":{"start":{"line":19,"column":4},"end":{"line":19,"column":25}},"7":{"start":{"line":21,"column":4},"end":{"line":51,"column":5}},"8":{"start":{"line":23,"column":8},"end":{"line":29,"column":9}},"9":{"start":{"line":25,"column":12},"end":{"line":28,"column":15}},"10":{"start":{"line":31,"column":8},"end":{"line":33,"column":9}},"11":{"start":{"line":32,"column":12},"end":{"line":32,"column":19}},"12":{"start":{"line":35,"column":8},"end":{"line":50,"column":9}},"13":{"start":{"line":36,"column":12},"end":{"line":36,"column":64}},"14":{"start":{"line":37,"column":12},"end":{"line":47,"column":13}},"15":{"start":{"line":38,"column":16},"end":{"line":41,"column":19}},"16":{"start":{"line":43,"column":16},"end":{"line":46,"column":19}},"17":{"start":{"line":48,"column":15},"end":{"line":50,"column":9}},"18":{"start":{"line":49,"column":12},"end":{"line":49,"column":29}},"19":{"start":{"line":53,"column":4},"end":{"line":58,"column":5}},"20":{"start":{"line":55,"column":8},"end":{"line":57,"column":11}},"21":{"start":{"line":56,"column":12},"end":{"line":56,"column":51}},"22":{"start":{"line":60,"column":4},"end":{"line":90,"column":5}},"23":{"start":{"line":61,"column":8},"end":{"line":89,"column":9}},"24":{"start":{"line":62,"column":12},"end":{"line":65,"column":15}},"25":{"start":{"line":66,"column":15},"end":{"line":89,"column":9}},"26":{"start":{"line":67,"column":12},"end":{"line":74,"column":13}},"27":{"start":{"line":68,"column":16},"end":{"line":73,"column":19}},"28":{"start":{"line":75,"column":15},"end":{"line":89,"column":9}},"29":{"start":{"line":76,"column":12},"end":{"line":81,"column":15}},"30":{"start":{"line":82,"column":15},"end":{"line":89,"column":9}},"31":{"start":{"line":83,"column":12},"end":{"line":88,"column":15}},"32":{"start":{"line":93,"column":4},"end":{"line":117,"column":5}},"33":{"start":{"line":94,"column":8},"end":{"line":94,"column":31}},"34":{"start":{"line":95,"column":8},"end":{"line":95,"column":32}},"35":{"start":{"line":96,"column":8},"end":{"line":101,"column":9}},"36":{"start":{"line":97,"column":12},"end":{"line":100,"column":15}},"37":{"start":{"line":102,"column":8},"end":{"line":107,"column":9}},"38":{"start":{"line":103,"column":12},"end":{"line":106,"column":15}},"39":{"start":{"line":108,"column":8},"end":{"line":116,"column":9}},"40":{"start":{"line":109,"column":12},"end":{"line":114,"column":13}},"41":{"start":{"line":110,"column":16},"end":{"line":113,"column":19}},"42":{"start":{"line":115,"column":12},"end":{"line":115,"column":56}},"43":{"start":{"line":120,"column":4},"end":{"line":172,"column":5}},"44":{"start":{"line":121,"column":8},"end":{"line":127,"column":9}},"45":{"start":{"line":122,"column":12},"end":{"line":126,"column":15}},"46":{"start":{"line":128,"column":8},"end":{"line":133,"column":9}},"47":{"start":{"line":129,"column":12},"end":{"line":132,"column":15}},"48":{"start":{"line":134,"column":8},"end":{"line":139,"column":9}},"49":{"start":{"line":135,"column":12},"end":{"line":138,"column":15}},"50":{"start":{"line":140,"column":8},"end":{"line":145,"column":9}},"51":{"start":{"line":141,"column":12},"end":{"line":144,"column":15}},"52":{"start":{"line":147,"column":8},"end":{"line":171,"column":9}},"53":{"start":{"line":148,"column":12},"end":{"line":170,"column":13}},"54":{"start":{"line":149,"column":16},"end":{"line":149,"column":43}},"55":{"start":{"line":150,"column":16},"end":{"line":154,"column":19}},"56":{"start":{"line":155,"column":19},"end":{"line":170,"column":13}},"57":{"start":{"line":156,"column":16},"end":{"line":169,"column":19}},"58":{"start":{"line":157,"column":20},"end":{"line":157,"column":38}},"59":{"start":{"line":158,"column":20},"end":{"line":158,"column":63}},"60":{"start":{"line":159,"column":20},"end":{"line":160,"column":54}},"61":{"start":{"line":160,"column":24},"end":{"line":160,"column":54}},"62":{"start":{"line":161,"column":20},"end":{"line":168,"column":21}},"63":{"start":{"line":162,"column":24},"end":{"line":162,"column":51}},"64":{"start":{"line":163,"column":24},"end":{"line":167,"column":27}},"65":{"start":{"line":174,"column":4},"end":{"line":227,"column":5}},"66":{"start":{"line":175,"column":8},"end":{"line":177,"column":9}},"67":{"start":{"line":176,"column":12},"end":{"line":176,"column":35}},"68":{"start":{"line":178,"column":8},"end":{"line":180,"column":9}},"69":{"start":{"line":179,"column":12},"end":{"line":179,"column":42}},"70":{"start":{"line":181,"column":8},"end":{"line":213,"column":9}},"71":{"start":{"line":182,"column":12},"end":{"line":212,"column":13}},"72":{"start":{"line":183,"column":16},"end":{"line":189,"column":17}},"73":{"start":{"line":184,"column":20},"end":{"line":187,"column":23}},"74":{"start":{"line":188,"column":20},"end":{"line":188,"column":32}},"75":{"start":{"line":190,"column":16},"end":{"line":195,"column":17}},"76":{"start":{"line":191,"column":20},"end":{"line":194,"column":23}},"77":{"start":{"line":196,"column":16},"end":{"line":206,"column":17}},"78":{"start":{"line":199,"column":24},"end":{"line":199,"column":56}},"79":{"start":{"line":201,"column":20},"end":{"line":204,"column":23}},"80":{"start":{"line":205,"column":20},"end":{"line":205,"column":32}},"81":{"start":{"line":207,"column":19},"end":{"line":212,"column":13}},"82":{"start":{"line":208,"column":16},"end":{"line":211,"column":19}},"83":{"start":{"line":214,"column":8},"end":{"line":226,"column":9}},"84":{"start":{"line":215,"column":12},"end":{"line":218,"column":15}},"85":{"start":{"line":220,"column":12},"end":{"line":222,"column":15}},"86":{"start":{"line":221,"column":16},"end":{"line":221,"column":77}},"87":{"start":{"line":223,"column":12},"end":{"line":225,"column":15}},"88":{"start":{"line":224,"column":16},"end":{"line":224,"column":25}},"89":{"start":{"line":229,"column":4},"end":{"line":243,"column":5}},"90":{"start":{"line":230,"column":8},"end":{"line":230,"column":27}},"91":{"start":{"line":230,"column":20},"end":{"line":230,"column":27}},"92":{"start":{"line":231,"column":8},"end":{"line":231,"column":61}},"93":{"start":{"line":232,"column":8},"end":{"line":242,"column":9}},"94":{"start":{"line":233,"column":12},"end":{"line":236,"column":15}},"95":{"start":{"line":238,"column":12},"end":{"line":241,"column":15}},"96":{"start":{"line":245,"column":4},"end":{"line":268,"column":5}},"97":{"start":{"line":246,"column":8},"end":{"line":248,"column":9}},"98":{"start":{"line":247,"column":12},"end":{"line":247,"column":19}},"99":{"start":{"line":249,"column":8},"end":{"line":263,"column":9}},"100":{"start":{"line":250,"column":12},"end":{"line":255,"column":13}},"101":{"start":{"line":251,"column":16},"end":{"line":254,"column":19}},"102":{"start":{"line":256,"column":12},"end":{"line":261,"column":13}},"103":{"start":{"line":257,"column":16},"end":{"line":260,"column":19}},"104":{"start":{"line":262,"column":12},"end":{"line":262,"column":33}},"105":{"start":{"line":264,"column":8},"end":{"line":267,"column":11}},"106":{"start":{"line":270,"column":4},"end":{"line":289,"column":5}},"107":{"start":{"line":271,"column":8},"end":{"line":276,"column":9}},"108":{"start":{"line":272,"column":12},"end":{"line":275,"column":15}},"109":{"start":{"line":277,"column":8},"end":{"line":282,"column":9}},"110":{"start":{"line":278,"column":12},"end":{"line":281,"column":15}},"111":{"start":{"line":283,"column":8},"end":{"line":288,"column":9}},"112":{"start":{"line":284,"column":12},"end":{"line":287,"column":15}},"113":{"start":{"line":292,"column":4},"end":{"line":299,"column":5}},"114":{"start":{"line":293,"column":8},"end":{"line":293,"column":19}},"115":{"start":{"line":294,"column":8},"end":{"line":294,"column":20}},"116":{"start":{"line":295,"column":8},"end":{"line":295,"column":33}},"117":{"start":{"line":296,"column":8},"end":{"line":298,"column":9}},"118":{"start":{"line":297,"column":12},"end":{"line":297,"column":40}},"119":{"start":{"line":302,"column":4},"end":{"line":310,"column":5}},"120":{"start":{"line":303,"column":8},"end":{"line":303,"column":21}},"121":{"start":{"line":304,"column":8},"end":{"line":304,"column":22}},"122":{"start":{"line":305,"column":8},"end":{"line":309,"column":9}},"123":{"start":{"line":306,"column":12},"end":{"line":308,"column":13}},"124":{"start":{"line":307,"column":16},"end":{"line":307,"column":47}},"125":{"start":{"line":313,"column":4},"end":{"line":321,"column":5}},"126":{"start":{"line":314,"column":8},"end":{"line":314,"column":26}},"127":{"start":{"line":315,"column":8},"end":{"line":315,"column":27}},"128":{"start":{"line":316,"column":8},"end":{"line":320,"column":9}},"129":{"start":{"line":317,"column":12},"end":{"line":319,"column":13}},"130":{"start":{"line":318,"column":16},"end":{"line":318,"column":52}},"131":{"start":{"line":324,"column":4},"end":{"line":330,"column":5}},"132":{"start":{"line":325,"column":8},"end":{"line":325,"column":24}},"133":{"start":{"line":326,"column":8},"end":{"line":326,"column":25}},"134":{"start":{"line":327,"column":8},"end":{"line":329,"column":9}},"135":{"start":{"line":328,"column":12},"end":{"line":328,"column":61}},"136":{"start":{"line":333,"column":4},"end":{"line":339,"column":5}},"137":{"start":{"line":334,"column":8},"end":{"line":334,"column":29}},"138":{"start":{"line":335,"column":8},"end":{"line":335,"column":30}},"139":{"start":{"line":336,"column":8},"end":{"line":338,"column":9}},"140":{"start":{"line":337,"column":12},"end":{"line":337,"column":66}},"141":{"start":{"line":342,"column":4},"end":{"line":348,"column":5}},"142":{"start":{"line":343,"column":8},"end":{"line":343,"column":24}},"143":{"start":{"line":344,"column":8},"end":{"line":344,"column":25}},"144":{"start":{"line":345,"column":8},"end":{"line":347,"column":9}},"145":{"start":{"line":346,"column":12},"end":{"line":346,"column":57}},"146":{"start":{"line":350,"column":4},"end":{"line":378,"column":5}},"147":{"start":{"line":351,"column":8},"end":{"line":351,"column":32}},"148":{"start":{"line":352,"column":8},"end":{"line":352,"column":33}},"149":{"start":{"line":353,"column":8},"end":{"line":377,"column":9}},"150":{"start":{"line":354,"column":12},"end":{"line":359,"column":13}},"151":{"start":{"line":355,"column":16},"end":{"line":358,"column":19}},"152":{"start":{"line":360,"column":12},"end":{"line":365,"column":13}},"153":{"start":{"line":361,"column":16},"end":{"line":364,"column":19}},"154":{"start":{"line":366,"column":12},"end":{"line":376,"column":15}},"155":{"start":{"line":367,"column":16},"end":{"line":375,"column":17}},"156":{"start":{"line":368,"column":20},"end":{"line":373,"column":21}},"157":{"start":{"line":369,"column":24},"end":{"line":372,"column":27}},"158":{"start":{"line":374,"column":20},"end":{"line":374,"column":35}},"159":{"start":{"line":380,"column":4},"end":{"line":416,"column":5}},"160":{"start":{"line":381,"column":8},"end":{"line":381,"column":21}},"161":{"start":{"line":382,"column":8},"end":{"line":382,"column":22}},"162":{"start":{"line":384,"column":8},"end":{"line":391,"column":9}},"163":{"start":{"line":387,"column":12},"end":{"line":390,"column":15}},"164":{"start":{"line":392,"column":8},"end":{"line":397,"column":9}},"165":{"start":{"line":393,"column":12},"end":{"line":396,"column":15}},"166":{"start":{"line":398,"column":8},"end":{"line":403,"column":9}},"167":{"start":{"line":399,"column":12},"end":{"line":402,"column":15}},"168":{"start":{"line":404,"column":8},"end":{"line":409,"column":9}},"169":{"start":{"line":405,"column":12},"end":{"line":408,"column":15}},"170":{"start":{"line":410,"column":8},"end":{"line":410,"column":58}},"171":{"start":{"line":411,"column":8},"end":{"line":415,"column":9}},"172":{"start":{"line":414,"column":12},"end":{"line":414,"column":57}},"173":{"start":{"line":414,"column":34},"end":{"line":414,"column":57}},"174":{"start":{"line":418,"column":4},"end":{"line":428,"column":6}},"175":{"start":{"line":430,"column":4},"end":{"line":433,"column":11}},"176":{"start":{"line":431,"column":8},"end":{"line":431,"column":40}},"177":{"start":{"line":432,"column":8},"end":{"line":432,"column":20}},"178":{"start":{"line":435,"column":4},"end":{"line":443,"column":5}},"179":{"start":{"line":438,"column":8},"end":{"line":441,"column":11}},"180":{"start":{"line":442,"column":8},"end":{"line":442,"column":22}},"181":{"start":{"line":445,"column":4},"end":{"line":445,"column":13}},"182":{"start":{"line":447,"column":4},"end":{"line":451,"column":7}},"183":{"start":{"line":448,"column":8},"end":{"line":450,"column":9}},"184":{"start":{"line":449,"column":12},"end":{"line":449,"column":28}},"185":{"start":{"line":453,"column":4},"end":{"line":453,"column":18}},"186":{"start":{"line":456,"column":0},"end":{"line":456,"column":27}}},"branchMap":{"1":{"line":23,"type":"if","locations":[{"start":{"line":23,"column":8},"end":{"line":23,"column":8}},{"start":{"line":23,"column":8},"end":{"line":23,"column":8}}]},"2":{"line":23,"type":"binary-expr","locations":[{"start":{"line":23,"column":13},"end":{"line":23,"column":21}},{"start":{"line":23,"column":25},"end":{"line":23,"column":61}},{"start":{"line":24,"column":11},"end":{"line":24,"column":36}}]},"3":{"line":31,"type":"if","locations":[{"start":{"line":31,"column":8},"end":{"line":31,"column":8}},{"start":{"line":31,"column":8},"end":{"line":31,"column":8}}]},"4":{"line":35,"type":"if","locations":[{"start":{"line":35,"column":8},"end":{"line":35,"column":8}},{"start":{"line":35,"column":8},"end":{"line":35,"column":8}}]},"5":{"line":37,"type":"if","locations":[{"start":{"line":37,"column":12},"end":{"line":37,"column":12}},{"start":{"line":37,"column":12},"end":{"line":37,"column":12}}]},"6":{"line":48,"type":"if","locations":[{"start":{"line":48,"column":15},"end":{"line":48,"column":15}},{"start":{"line":48,"column":15},"end":{"line":48,"column":15}}]},"7":{"line":56,"type":"binary-expr","locations":[{"start":{"line":56,"column":19},"end":{"line":56,"column":29}},{"start":{"line":56,"column":33},"end":{"line":56,"column":50}}]},"8":{"line":61,"type":"if","locations":[{"start":{"line":61,"column":8},"end":{"line":61,"column":8}},{"start":{"line":61,"column":8},"end":{"line":61,"column":8}}]},"9":{"line":66,"type":"if","locations":[{"start":{"line":66,"column":15},"end":{"line":66,"column":15}},{"start":{"line":66,"column":15},"end":{"line":66,"column":15}}]},"10":{"line":67,"type":"if","locations":[{"start":{"line":67,"column":12},"end":{"line":67,"column":12}},{"start":{"line":67,"column":12},"end":{"line":67,"column":12}}]},"11":{"line":75,"type":"if","locations":[{"start":{"line":75,"column":15},"end":{"line":75,"column":15}},{"start":{"line":75,"column":15},"end":{"line":75,"column":15}}]},"12":{"line":75,"type":"binary-expr","locations":[{"start":{"line":75,"column":19},"end":{"line":75,"column":36}},{"start":{"line":75,"column":40},"end":{"line":75,"column":47}},{"start":{"line":75,"column":51},"end":{"line":75,"column":88}}]},"13":{"line":82,"type":"if","locations":[{"start":{"line":82,"column":15},"end":{"line":82,"column":15}},{"start":{"line":82,"column":15},"end":{"line":82,"column":15}}]},"14":{"line":82,"type":"binary-expr","locations":[{"start":{"line":82,"column":19},"end":{"line":82,"column":23}},{"start":{"line":82,"column":27},"end":{"line":82,"column":50}}]},"15":{"line":96,"type":"if","locations":[{"start":{"line":96,"column":8},"end":{"line":96,"column":8}},{"start":{"line":96,"column":8},"end":{"line":96,"column":8}}]},"16":{"line":102,"type":"if","locations":[{"start":{"line":102,"column":8},"end":{"line":102,"column":8}},{"start":{"line":102,"column":8},"end":{"line":102,"column":8}}]},"17":{"line":108,"type":"if","locations":[{"start":{"line":108,"column":8},"end":{"line":108,"column":8}},{"start":{"line":108,"column":8},"end":{"line":108,"column":8}}]},"18":{"line":109,"type":"if","locations":[{"start":{"line":109,"column":12},"end":{"line":109,"column":12}},{"start":{"line":109,"column":12},"end":{"line":109,"column":12}}]},"19":{"line":121,"type":"if","locations":[{"start":{"line":121,"column":8},"end":{"line":121,"column":8}},{"start":{"line":121,"column":8},"end":{"line":121,"column":8}}]},"20":{"line":125,"type":"binary-expr","locations":[{"start":{"line":125,"column":22},"end":{"line":125,"column":32}},{"start":{"line":125,"column":36},"end":{"line":125,"column":40}}]},"21":{"line":128,"type":"if","locations":[{"start":{"line":128,"column":8},"end":{"line":128,"column":8}},{"start":{"line":128,"column":8},"end":{"line":128,"column":8}}]},"22":{"line":131,"type":"binary-expr","locations":[{"start":{"line":131,"column":22},"end":{"line":131,"column":32}},{"start":{"line":131,"column":36},"end":{"line":131,"column":40}}]},"23":{"line":134,"type":"if","locations":[{"start":{"line":134,"column":8},"end":{"line":134,"column":8}},{"start":{"line":134,"column":8},"end":{"line":134,"column":8}}]},"24":{"line":137,"type":"binary-expr","locations":[{"start":{"line":137,"column":22},"end":{"line":137,"column":32}},{"start":{"line":137,"column":36},"end":{"line":137,"column":40}}]},"25":{"line":140,"type":"if","locations":[{"start":{"line":140,"column":8},"end":{"line":140,"column":8}},{"start":{"line":140,"column":8},"end":{"line":140,"column":8}}]},"26":{"line":143,"type":"binary-expr","locations":[{"start":{"line":143,"column":22},"end":{"line":143,"column":32}},{"start":{"line":143,"column":36},"end":{"line":143,"column":40}}]},"27":{"line":147,"type":"if","locations":[{"start":{"line":147,"column":8},"end":{"line":147,"column":8}},{"start":{"line":147,"column":8},"end":{"line":147,"column":8}}]},"28":{"line":147,"type":"binary-expr","locations":[{"start":{"line":147,"column":12},"end":{"line":147,"column":19}},{"start":{"line":147,"column":23},"end":{"line":147,"column":47}}]},"29":{"line":148,"type":"if","locations":[{"start":{"line":148,"column":12},"end":{"line":148,"column":12}},{"start":{"line":148,"column":12},"end":{"line":148,"column":12}}]},"30":{"line":153,"type":"binary-expr","locations":[{"start":{"line":153,"column":26},"end":{"line":153,"column":36}},{"start":{"line":153,"column":40},"end":{"line":153,"column":44}}]},"31":{"line":155,"type":"if","locations":[{"start":{"line":155,"column":19},"end":{"line":155,"column":19}},{"start":{"line":155,"column":19},"end":{"line":155,"column":19}}]},"32":{"line":159,"type":"if","locations":[{"start":{"line":159,"column":20},"end":{"line":159,"column":20}},{"start":{"line":159,"column":20},"end":{"line":159,"column":20}}]},"33":{"line":161,"type":"if","locations":[{"start":{"line":161,"column":20},"end":{"line":161,"column":20}},{"start":{"line":161,"column":20},"end":{"line":161,"column":20}}]},"34":{"line":166,"type":"binary-expr","locations":[{"start":{"line":166,"column":34},"end":{"line":166,"column":44}},{"start":{"line":166,"column":48},"end":{"line":166,"column":52}}]},"35":{"line":175,"type":"if","locations":[{"start":{"line":175,"column":8},"end":{"line":175,"column":8}},{"start":{"line":175,"column":8},"end":{"line":175,"column":8}}]},"36":{"line":175,"type":"binary-expr","locations":[{"start":{"line":175,"column":12},"end":{"line":175,"column":30}},{"start":{"line":175,"column":34},"end":{"line":175,"column":63}}]},"37":{"line":178,"type":"if","locations":[{"start":{"line":178,"column":8},"end":{"line":178,"column":8}},{"start":{"line":178,"column":8},"end":{"line":178,"column":8}}]},"38":{"line":181,"type":"if","locations":[{"start":{"line":181,"column":8},"end":{"line":181,"column":8}},{"start":{"line":181,"column":8},"end":{"line":181,"column":8}}]},"39":{"line":181,"type":"binary-expr","locations":[{"start":{"line":181,"column":12},"end":{"line":181,"column":23}},{"start":{"line":181,"column":27},"end":{"line":181,"column":31}}]},"40":{"line":182,"type":"if","locations":[{"start":{"line":182,"column":12},"end":{"line":182,"column":12}},{"start":{"line":182,"column":12},"end":{"line":182,"column":12}}]},"41":{"line":183,"type":"if","locations":[{"start":{"line":183,"column":16},"end":{"line":183,"column":16}},{"start":{"line":183,"column":16},"end":{"line":183,"column":16}}]},"42":{"line":190,"type":"if","locations":[{"start":{"line":190,"column":16},"end":{"line":190,"column":16}},{"start":{"line":190,"column":16},"end":{"line":190,"column":16}}]},"43":{"line":196,"type":"if","locations":[{"start":{"line":196,"column":16},"end":{"line":196,"column":16}},{"start":{"line":196,"column":16},"end":{"line":196,"column":16}}]},"44":{"line":196,"type":"binary-expr","locations":[{"start":{"line":196,"column":20},"end":{"line":196,"column":33}},{"start":{"line":197,"column":21},"end":{"line":197,"column":74}},{"start":{"line":198,"column":20},"end":{"line":200,"column":18}}]},"45":{"line":207,"type":"if","locations":[{"start":{"line":207,"
[...]
this.offset++;","        this.match += ch;","        this.matched += ch;","        var lines = ch.match(/(?:\\r\\n?|\\n).*/g);","        if (lines) {","            this.yylineno++;","            this.yylloc.last_line++;","        } else {","            this.yylloc.last_column++;","        }","        if (this.options.ranges) {","            this.yylloc.range[1]++;","        }","","        this._input = this._input.slice(1);","        return ch;","    },","","// unshifts one char (or a string) into the input","unput:function (ch) {","        var len = ch.length;","        var lines = ch.split(/(?:\\r\\n?|\\n)/g);","","        this._input = ch + this._input;","        this.yytext = this.yytext.substr(0, this.yytext.length - len);","        //this.yyleng -= len;","        this.offset -= len;","        var oldLines = this.match.split(/(?:\\r\\n?|\\n)/g);","        this.match = this.match.substr(0, this.match.length - 1);","        this.matched = this.matched.substr(0, this.matched.length - 1);","","        if (lines.length - 1) {","            this.yylineno -= lines.length - 1;","        }","        var r = this.yylloc.range;","","        this.yylloc = {","            first_line: this.yylloc.first_line,","            last_line: this.yylineno + 1,","            first_column: this.yylloc.first_column,","            last_column: lines ?","                (lines.length === oldLines.length ? this.yylloc.first_column : 0)","                 + oldLines[oldLines.length - lines.length].length - lines[0].length :","              this.yylloc.first_column - len","        };","","        if (this.options.ranges) {","            this.yylloc.range = [r[0], r[0] + this.yyleng - len];","        }","        this.yyleng = this.yytext.length;","        return this;","    },","","// When called from action, caches matched text and appends it on next action","more:function () {","        this._more = true;","        return this;","    },","","// When called from action, signals the lexer that this rule fails to match the input, so the next matching rule (regex) should be tested instead.","reject:function () {","        if (this.options.backtrack_lexer) {","            this._backtrack = true;","        } else {","            return this.parseError('Lexical error on line ' + (this.yylineno + 1) + '. You can only invoke reject() in the lexer when the lexer is of the backtracking persuasion (options.backtrack_lexer = true).\\n' + this.showPosition(), {","                text: \"\",","                token: null,","                line: this.yylineno","            });","","        }","        return this;","    },","","// retain first n characters of the match","less:function (n) {","        this.unput(this.match.slice(n));","    },","","// displays already matched input, i.e. for error messages","pastInput:function () {","        var past = this.matched.substr(0, this.matched.length - this.match.length);","        return (past.length > 20 ? '...':'') + past.substr(-20).replace(/\\n/g, \"\");","    },","","// displays upcoming input, i.e. for error messages","upcomingInput:function () {","        var next = this.match;","        if (next.length < 20) {","            next += this._input.substr(0, 20-next.length);","        }","        return (next.substr(0,20) + (next.length > 20 ? '...' : '')).replace(/\\n/g, \"\");","    },","","// displays the character position where the lexing error occurred, i.e. for error messages","showPosition:function () {","        var pre = this.pastInput();","        var c = new Array(pre.length + 1).join(\"-\");","        return pre + this.upcomingInput() + \"\\n\" + c + \"^\";","    },","","// test the lexed token: return FALSE when not a match, otherwise return token","test_match:function (match, indexed_rule) {","        var token,","            lines,","            backup;","","        if (this.options.backtrack_lexer) {","            // save context","            backup = {","                yylineno: this.yylineno,","                yylloc: {","                    first_line: this.yylloc.first_line,","                    last_line: this.last_line,","                    first_column: this.yylloc.first_column,","                    last_column: this.yylloc.last_column","                },","                yytext: this.yytext,","                match: this.match,","                matches: this.matches,","                matched: this.matched,","                yyleng: this.yyleng,","                offset: this.offset,","                _more: this._more,","                _input: this._input,","                yy: this.yy,","                conditionStack: this.conditionStack.slice(0),","                done: this.done","            };","            if (this.options.ranges) {","                backup.yylloc.range = this.yylloc.range.slice(0);","            }","        }","","        lines = match[0].match(/(?:\\r\\n?|\\n).*/g);","        if (lines) {","            this.yylineno += lines.length;","        }","        this.yylloc = {","            first_line: this.yylloc.last_line,","            last_line: this.yylineno + 1,","            first_column: this.yylloc.last_column,","            last_column: lines ?","                         lines[lines.length - 1].length - lines[lines.length - 1].match(/\\r?\\n?/)[0].length :","                         this.yylloc.last_column + match[0].length","        };","        this.yytext += match[0];","        this.match += match[0];","        this.matches = match;","        this.yyleng = this.yytext.length;","        if (this.options.ranges) {","            this.yylloc.range = [this.offset, this.offset += this.yyleng];","        }","        this._more = false;","        this._backtrack = false;","        this._input = this._input.slice(match[0].length);","        this.matched += match[0];","        token = this.performAction.call(this, this.yy, this, indexed_rule, this.conditionStack[this.conditionStack.length - 1]);","        if (this.done && this._input) {","            this.done = false;","        }","        if (token) {","            return token;","        } else if (this._backtrack) {","            // recover context","            for (var k in backup) {","                this[k] = backup[k];","            }","            return false; // rule action called reject() implying the next rule should be tested instead.","        }","        return false;","    },","","// return next match in input","next:function () {","        if (this.done) {","            return this.EOF;","        }","        if (!this._input) {","            this.done = true;","        }","","        var token,","            match,","            tempMatch,","            index;","        if (!this._more) {","            this.yytext = '';","            this.match = '';","        }","        var rules = this._currentRules();","        for (var i = 0; i < rules.length; i++) {","            tempMatch = this._input.match(this.rules[rules[i]]);","            if (tempMatch && (!match || tempMatch[0].length > match[0].length)) {","                match = tempMatch;","                index = i;","                if (this.options.backtrack_lexer) {","                    token = this.test_match(tempMatch, rules[i]);","                    if (token !== false) {","                        return token;","                    } else if (this._backtrack) {","                        match = false;","                        continue; // rule action called reject() implying a rule MISmatch.","                    } else {","                        // else: this is a lexer rule which consumes input without producing a token (e.g. whitespace)","                        return false;","                    }","                } else if (!this.options.flex) {","                    break;","                }","            }","        }","        if (match) {","            token = this.test_match(match, rules[index]);","            if (token !== false) {","                return token;","            }","            // else: this is a lexer rule which consumes input without producing a token (e.g. whitespace)","            return false;","        }","        if (this._input === \"\") {","            return this.EOF;","        } else {","            return this.parseError('Lexical error on line ' + (this.yylineno + 1) + '. Unrecognized text.\\n' + this.showPosition(), {","                text: \"\",","                token: null,","                line: this.yylineno","            });","        }","    },","","// return next match that has a token","lex:function lex() {","        var r = this.next();","        if (r) {","            return r;","        } else {","            return this.lex();","        }","    },","","// activates a new lexer condition state (pushes the new lexer condition state onto the condition stack)","begin:function begin(condition) {","        this.conditionStack.push(condition);","    },","","// pop the previously active lexer condition state off the condition stack","popState:function popState() {","        var n = this.conditionStack.length - 1;","        if (n > 0) {","            return this.conditionStack.pop();","        } else {","            return this.conditionStack[0];","        }","    },","","// produce the lexer rule set which is active for the currently active lexer condition state","_currentRules:function _currentRules() {","        if (this.conditionStack.length && this.conditionStack[this.conditionStack.length - 1]) {","            return this.conditions[this.conditionStack[this.conditionStack.length - 1]].rules;","        } else {","            return this.conditions[\"INITIAL\"].rules;","        }","    },","","// return the currently active lexer condition state; when an index argument is provided it produces the N-th previous condition state, if available","topState:function topState(n) {","        n = this.conditionStack.length - 1 - Math.abs(n || 0);","        if (n >= 0) {","            return this.conditionStack[n];","        } else {","            return \"INITIAL\";","        }","    },","","// alias for begin(condition)","pushState:function pushState(condition) {","        this.begin(condition);","    },","","// return the number of states currently on the stack","stateStackSize:function stateStackSize() {","        return this.conditionStack.length;","    },","options: {},","performAction: function anonymous(yy,yy_,$avoiding_name_collisions,YY_START) {","var YYSTATE=YY_START;","switch($avoiding_name_collisions) {","case 0:/* skip whitespace */","break;","case 1:return 6","break;","case 2:yy_.yytext = yy_.yytext.substr(1,yy_.yyleng-2); return 4","break;","case 3:return 17","break;","case 4:return 18","break;","case 5:return 23","break;","case 6:return 24","break;","case 7:return 22","break;","case 8:return 21","break;","case 9:return 10","break;","case 10:return 11","break;","case 11:return 8","break;","case 12:return 14","break;","case 13:return 'INVALID'","break;","}","},","rules: [/^(?:\\s+)/,/^(?:(-?([0-9]|[1-9][0-9]+))(\\.[0-9]+)?([eE][-+]?[0-9]+)?\\b)/,/^(?:\"(?:\\\\[\\\\\"bfnrt\\/]|\\\\u[a-fA-F0-9]{4}|[^\\\\\\0-\\x09\\x0a-\\x1f\"])*\")/,/^(?:\\{)/,/^(?:\\})/,/^(?:\\[)/,/^(?:\\])/,/^(?:,)/,/^(?::)/,/^(?:true\\b)/,/^(?:false\\b)/,/^(?:null\\b)/,/^(?:$)/,/^(?:.)/],","conditions: {\"INITIAL\":{\"rules\":[0,1,2,3,4,5,6,7,8,9,10,11,12,13],\"inclusive\":true}}","});","return lexer;","})();","parser.lexer = lexer;","function Parser () {","  this.yy = {};","}","Parser.prototype = parser;parser.Parser = Parser;","return new Parser;","})();","","","if (typeof require !== 'undefined' && typeof exports !== 'undefined') {","exports.parser = jsonlint;","exports.Parser = jsonlint.Parser;","exports.parse = function () { return jsonlint.parse.apply(jsonlint, arguments); };","exports.main = function commonjsMain(args) {","    if (!args[1]) {","        console.log('Usage: '+args[0]+' FILE');","        process.exit(1);","    }","    var source = require('fs').readFileSync(require('path').normalize(args[1]), \"utf8\");","    return exports.parser.parse(source);","};","if (typeof module !== 'undefined' && require.main === module) {","  exports.main(process.argv.slice(1));","}","}","}).call(this,require('_process'))","},{\"_process\":5,\"fs\":3,\"path\":4}],7:[function(require,module,exports){","var jsonlint = require('jsonlint-lines'),","  geojsonHintObject = require('./object');","","/**"," * @alias geojsonhint"," * @param {(string|object)} GeoJSON given as a string or as an object"," * @param {Object} options"," * @param {boolean} [options.noDuplicateMembers=true] forbid repeated"," * properties. This is only available for string input, becaused parsed"," * Objects cannot have duplicate properties."," * @param {boolean} [options.precisionWarning=true] warn if GeoJSON contains"," * unnecessary coordinate precision."," * @returns {Array<Object>} an array of errors"," */","function hint(str, options) {","","    var gj, errors = [];","","    if (typeof str === 'object') {","        gj = str;","    } else if (typeof str === 'string') {","        try {","            gj = jsonlint.parse(str);","        } catch(e) {","            var match = e.message.match(/line (\\d+)/);","            var lineNumber = parseInt(match[1], 10);","            return [{","                line: lineNumber - 1,","                message: e.message,","                error: e","            }];","        }","    } else {","        return [{","            message: 'Expected string or object as input',","            line: 0","        }];","    }","","    errors = errors.concat(geojsonHintObject.hint(gj, options));","","    return errors;","}","","module.exports.hint = hint;","","},{\"./object\":1,\"jsonlint-lines\":6}]},{},[7])(7)","});"],"l":{"1":6,"2":1,"15":1,"17":0,"18":0,"19":0,"20":0,"22":1,"24":0,"26":0,"32":0,"33":0,"36":0,"37":0,"38":0,"39":0,"44":0,"49":0,"50":0,"54":1,"56":0,"57":0,"61":1,"62":0,"63":0,"67":0,"68":0,"69":0,"76":0,"77":0,"83":0,"84":0,"94":1,"95":0,"96":0,"97":0,"98":0,"103":0,"104":0,"109":0,"110":0,"111":0,"116":0,"121":1,"122":0,"123":0,"129":0,"130":0,"135":0,"136":0,"141":0,"142":0,"148":0,"149":0,"150":0,"151":0,"156":0,"157":0,"158":0,"159":0,"160":0,"161":0,"162":0,"163":0,"164":0,"175":1,"176":0,"177":0,"179":0,"180":0,"182":0,"183":0,"184":0,"185":0,"189":0,"191":0,"192":0,"197":0,"200":0,"202":0,"206":0,"208":0,"209":0,"215":0,"216":0,"221":0,"222":0,"224":0,"225":0,"230":1,"231":0,"232":0,"233":0,"234":0,"239":0,"246":1,"247":0,"248":0,"250":0,"251":0,"252":0,"257":0,"258":0,"263":0,"265":0,"271":1,"272":0,"273":0,"278":0,"279":0,"284":0,"285":0,"293":1,"294":0,"295":0,"296":0,"297":0,"298":0,"303":1,"304":0,"305":0,"306":0,"307":0,"308":0,"314":1,"315":0,"316":0,"317":0,"318":0,"319":0,"325":1,"326":0,"327":0,"328":0,"329":0,"334":1,"335":0,"336":0,"337":0,"338":0,"343":1,"344":0,"345":0,"346":0,"347":0,"351":1,"352":0,"353":0,"354":0,"355":0,"356":0,"361":0,"362":0,"367":0,"368":0,"369":0,"370":0,"375":0,"381":1,"382":0,"383":0,"385":0,"388":0,"393":0,"394":0,"399":0,"400":0,"405":0,"406":0,"411":0,"412":0,"415":0,"419":0,"431":0,"432":0,"433":0,"436":0,"439":0,"443":0,"446":0,"448":0,"449":0,"450":0,"454":0,"457":1,"460":1,"461":0,"464":1,"465":0,"466":0,"467":0,"468":0,"469":0,"470":0,"471":0,"475":0,"478":1,"479":0,"480":0,"481":0,"482":0,"483":0,"484":0,"486":0,"489":1,"490":0,"491":0,"492":0,"493":0,"497":1,"498":0,"499":0,"510":0,"536":1,"538":0,"539":0,"540":0,"541":0,"542":0,"543":0,"544":0,"545":0,"546":0,"547":0,"548":0,"553":0,"554":0,"555":0,"559":0,"564":0,"566":0,"567":0,"572":0,"573":0,"576":0,"577":0,"580":0,"581":0,"582":0,"583":0,"586":0,"587":0,"594":0,"595":0,"598":0,"603":0,"604":0,"608":0,"609":0,"612":0,"613":0,"615":0,"616":0,"619":0,"623":0,"624":0,"628":0,"629":0,"630":0,"631":0,"632":0,"634":0,"641":0,"642":0,"643":0,"645":1,"646":0,"647":0,"648":0,"651":0,"652":0,"653":0,"656":0,"657":0,"660":0,"661":0,"663":0,"664":0,"665":0,"666":0,"667":0,"668":0,"672":0,"673":0,"674":0,"677":0,"679":0,"682":0,"683":0,"685":0,"686":0,"690":0,"692":0,"695":0,"697":0,"700":0,"704":0,"705":0,"707":0,"708":0,"710":0,"714":0,"715":0,"718":1,"719":0,"720":0,"721":0,"722":0,"724":0,"728":0,"729":0,"731":0,"732":0,"739":1,"746":1,"747":1,"749":1,"750":1,"751":1,"753":0,"754":0,"757":1,"758":1,"760":0,"761":0,"765":1,"766":0,"768":0,"770":0,"772":0,"774":0,"776":0,"779":0,"785":1,"786":0,"788":0,"790":0,"792":0,"794":0,"796":0,"800":0,"807":1,"808":1,"809":1,"810":1,"812":1,"813":0,"814":0,"816":0,"817":0,"818":0,"820":0,"822":0,"823":0,"827":1,"828":0,"829":0,"831":0,"832":0,"834":0,"835":0,"836":0,"837":0,"838":0,"839":0,"840":0,"843":0,"844":0,"846":0,"847":0,"848":0,"851":1,"852":0,"853":0,"854":0,"855":0,"858":0,"859":0,"860":0,"865":1,"866":0,"867":0,"869":1,"870":0,"872":1,"873":1,"874":1,"875":1,"876":1,"877":1,"879":1,"881":1,"882":1,"883":1,"884":1,"885":1,"886":1,"887":1,"889":1,"890":0,"893":1,"894":1,"895":0,"897":1,"900":1,"974":1,"975":20,"976":1,"984":0,"985":0,"988":0,"996":0,"998":0,"999":0,"1001":0,"1002":0,"1004":0,"1005":0,"1007":0,"1008":0,"1010":0,"1011":0,"1013":0,"1017":0,"1019":0,"1023":0,"1025":0,"1026":0,"1028":0,"1029":0,"1032":0,"1033":0,"1034":0,"1035":0,"1040":0,"1042":0,"1044":0,"1046":0,"1050":0,"1052":0,"1053":0,"1055":0,"1056":0,"1062":0,"1063":0,"1065":1,"1066":0,"1067":0,"1069":0,"1071":0,"1075":0,"1076":0,"1077":0,"1078":0,"1079":0,"1080":0,"1081":0,"1084":0,"1085":0,"1086":0,"1087":0,"1088":0,"1090":0,"1091":0,"1092":0,"1093":0,"1094":0,"1096":0,"1098":1,"1099":0,"1100":0,"1101":0,"1103":0,"1104":0,"1105":0,"1106":0,"1107":0,"1108":0,"1110":0,"1112":0,"1113":0,"1114":0,"1115":0,"1116":0,"1118":0,"1119":0,"1121":0,"1123":0,"1124":0,"1125":0,"1126":0,"1127":0,"1128":0,"1131":0,"1132":0,"1134":0,"1136":0,"1144":0,"1145":0,"1147":0,"1149":0,"1150":0,"1151":0,"1152":0,"1153":0,"1154":0,"1155":0,"1156":0,"1157":0,"1158":0,"1159":0,"1160":0,"1163":0,"1164":0,"1166":0,"1168":0,"1169":0,"1170":0,"1176":0,"1177":0,"1182":0,"1191":0,"1192":0,"1194":0,"1195":0,"1196":0,"1197":0,"1199":0,"1200":0,"1201":0,"1202":0,"1203":0,"1204":0,"1206":0,"1209":0,"1212":1,"1213":1,"1218":0,"1219":0,"1221":0,"1227":0,"1228":0,"1229":0,"1230":0,"1231":0,"1232":0,"1233":0,"1239":0,"1240":0,"1242":0,"1243":0,"1248":0,"1249":0,"1250":0,"1251":0,"1252":0,"1253":0,"1254":0,"1255":0,"1256":0,"1257":0,"1259":0,"1261":0,"1262":0,"1265":0,"1266":0,"1271":0,"1272":0,"1274":0,"1275":0,"1277":0,"1278":0,"1279":0,"1280":0,"1282":0,"1283":0,"1285":0,"1287":0,"1297":0,"1298":0,"1300":0,"1301":0,"1306":0,"1307":0,"1312":0,"1313":0,"1315":0,"1322":0,"1327":0,"1332":0,"1333":0,"1338":0,"1339":0,"1340":0,"1342":0,"1347":0,"1348":0,"1349":0,"1354":0,"1358":0,"1360":0,"1380":0,"1381":0,"1385":0,"1386":0,"1387":0,"1389":0,"1397":0,"1398":0,"1399":0,"1400":0,"1401":0,"1402":0,"1404":0,"1405":0,"1406":0,"1407":0,"1408":0,"1409":0,"1410":0,"1412":0,"1413":0,"1414":0,"1416":0,"1417":0,"1419":0,"1421":0,"1426":0,"1427":0,"1429":0,"1430":0,"1433":0,"1437":0,"1438":0,"1439":0,"1441":0,"1442":0,"1443":0,"1444":0,"1445":0,"1446":0,"1447":0,"1448":0,"1449":0,"1450":0,"1451":0,"1452":0,"1453":0,"1456":0,"1458":0,"1459":0,"1463":0,"1464":0,"1465":0,"1466":0,"1469":0,"1471":0,"1472":0,"1474":0,"1484":0,"1485":0,"1486":0,"1488":0,"1494":0,"1499":0,"1500":0,"1501":0,"1503":0,"1509":0,"1510":0,"1512":0,"1518":0,"1519":0,"1520":0,"1522":0,"1528":0,"1533":0,"1537":0,"1538":0,"1540":0,"1541":0,"1542":0,"1543":0,"1544":0,"1545":0,"1546":0,"1547":0,"1548":0,"1549":0,"1550":0,"1551":0,"1552":0,"1553":0,"1554":0,"1555":0,"1556":0,"1557":0,"1558":0,"1559":0,"1560":0,"1561":0,"1562":0,"1563":0,"1564":0,"1565":0,"1566":0,"1572":1,"1574":1,"1575":1,"1576":1,"1578":1,"1579":1,"1583":1,"1584":1,"1585":1,"1586":1,"1587":1,"1588":0,"1589":0,"1590":0,"1592":0,"1593":0,"1595":1,"1596":0,"1601":1,"1615":1,"1617":0,"1619":0,"1620":0,"1621":0,"1622":0,"1623":0,"1625":0,"1626":0,"1627":0,"1634":0,"1640":0,"1642":0,"1645":1}}}